ERROR - 2022-04-25 08:03:06 --> Unknown column 'user.$status_id' in 'on clause'
CRITICAL - 2022-04-25 08:03:06 --> Unknown column 'user.$status_id' in 'on clause'
#0 C:\xampp\htdocs\pait\system\Database\MySQLi\Connection.php(292): mysqli->query('SELECT *\nFROM `...', 0)
#1 C:\xampp\htdocs\pait\system\Database\BaseConnection.php(670): CodeIgniter\Database\MySQLi\Connection->execute('SELECT *\nFROM `...')
#2 C:\xampp\htdocs\pait\system\Database\BaseConnection.php(598): CodeIgniter\Database\BaseConnection->simpleQuery('SELECT *\nFROM `...')
#3 C:\xampp\htdocs\pait\system\Database\BaseBuilder.php(1455): CodeIgniter\Database\BaseConnection->query('SELECT *\nFROM `...', Array, false)
#4 C:\xampp\htdocs\pait\system\Model.php(183): CodeIgniter\Database\BaseBuilder->get()
#5 C:\xampp\htdocs\pait\system\BaseModel.php(584): CodeIgniter\Model->doFindAll(0, 0)
#6 C:\xampp\htdocs\pait\app\Models\UserMDL.php(50): CodeIgniter\BaseModel->findAll()
#7 C:\xampp\htdocs\pait\app\Controllers\Edit.php(26): App\Models\UserMDL->searhAdminID('1')
#8 C:\xampp\htdocs\pait\system\CodeIgniter.php(832): App\Controllers\Edit->user('1')
#9 C:\xampp\htdocs\pait\system\CodeIgniter.php(419): CodeIgniter\CodeIgniter->runController(Object(App\Controllers\Edit))
#10 C:\xampp\htdocs\pait\system\CodeIgniter.php(326): CodeIgniter\CodeIgniter->handleRequest(NULL, Object(Config\Cache), false)
#11 C:\xampp\htdocs\pait\public\index.php(37): CodeIgniter\CodeIgniter->run()
#12 C:\xampp\htdocs\pait\system\Commands\Server\rewrite.php(43): require_once('C:\\xampp\\htdocs...')
#13 {main}
CRITICAL - 2022-04-25 09:35:11 --> Call to a member function move() on string
#0 C:\xampp\htdocs\pait\system\CodeIgniter.php(832): App\Controllers\SubmitEdit->soal('1')
#1 C:\xampp\htdocs\pait\system\CodeIgniter.php(419): CodeIgniter\CodeIgniter->runController(Object(App\Controllers\SubmitEdit))
#2 C:\xampp\htdocs\pait\system\CodeIgniter.php(326): CodeIgniter\CodeIgniter->handleRequest(NULL, Object(Config\Cache), false)
#3 C:\xampp\htdocs\pait\public\index.php(37): CodeIgniter\CodeIgniter->run()
#4 C:\xampp\htdocs\pait\system\Commands\Server\rewrite.php(43): require_once('C:\\xampp\\htdocs...')
#5 {main}
