ERROR - 2022-04-12 05:43:29 --> Unknown column 'created_at' in 'field list'
CRITICAL - 2022-04-12 05:43:29 --> Unknown column 'created_at' in 'field list'
#0 C:\xampp\htdocs\pait\system\Database\MySQLi\Connection.php(292): mysqli->query('INSERT INTO `ja...', 0)
#1 C:\xampp\htdocs\pait\system\Database\BaseConnection.php(670): CodeIgniter\Database\MySQLi\Connection->execute('INSERT INTO `ja...')
#2 C:\xampp\htdocs\pait\system\Database\BaseConnection.php(598): CodeIgniter\Database\BaseConnection->simpleQuery('INSERT INTO `ja...')
#3 C:\xampp\htdocs\pait\system\Database\BaseBuilder.php(1771): CodeIgniter\Database\BaseConnection->query('INSERT INTO `ja...', Array, false)
#4 C:\xampp\htdocs\pait\system\Model.php(239): CodeIgniter\Database\BaseBuilder->insert()
#5 C:\xampp\htdocs\pait\system\BaseModel.php(738): CodeIgniter\Model->doInsert(Array)
#6 C:\xampp\htdocs\pait\system\Model.php(625): CodeIgniter\BaseModel->insert(Array, false)
#7 C:\xampp\htdocs\pait\system\BaseModel.php(658): CodeIgniter\Model->insert(Array, false)
#8 C:\xampp\htdocs\pait\app\Controllers\Submit.php(112): CodeIgniter\BaseModel->save(Array)
#9 C:\xampp\htdocs\pait\system\CodeIgniter.php(832): App\Controllers\Submit->soal()
#10 C:\xampp\htdocs\pait\system\CodeIgniter.php(419): CodeIgniter\CodeIgniter->runController(Object(App\Controllers\Submit))
#11 C:\xampp\htdocs\pait\system\CodeIgniter.php(326): CodeIgniter\CodeIgniter->handleRequest(NULL, Object(Config\Cache), false)
#12 C:\xampp\htdocs\pait\public\index.php(37): CodeIgniter\CodeIgniter->run()
#13 C:\xampp\htdocs\pait\system\Commands\Server\rewrite.php(43): require_once('C:\\xampp\\htdocs...')
#14 {main}
CRITICAL - 2022-04-12 16:37:01 --> Undefined variable $user
#0 C:\xampp\htdocs\pait\app\Views\Form\edit_user.php(29): CodeIgniter\Debug\Exceptions->errorHandler(2, 'Undefined varia...', 'C:\\xampp\\htdocs...', 29)
#1 C:\xampp\htdocs\pait\system\View\View.php(210): include('C:\\xampp\\htdocs...')
#2 C:\xampp\htdocs\pait\system\View\View.php(213): CodeIgniter\View\View->CodeIgniter\View\{closure}()
#3 C:\xampp\htdocs\pait\system\Common.php(1089): CodeIgniter\View\View->render('form/edit_user', Array, true)
#4 C:\xampp\htdocs\pait\app\Controllers\Edit.php(24): view('form/edit_user', Array)
#5 C:\xampp\htdocs\pait\system\CodeIgniter.php(832): App\Controllers\Edit->admin()
#6 C:\xampp\htdocs\pait\system\CodeIgniter.php(419): CodeIgniter\CodeIgniter->runController(Object(App\Controllers\Edit))
#7 C:\xampp\htdocs\pait\system\CodeIgniter.php(326): CodeIgniter\CodeIgniter->handleRequest(NULL, Object(Config\Cache), false)
#8 C:\xampp\htdocs\pait\public\index.php(37): CodeIgniter\CodeIgniter->run()
#9 C:\xampp\htdocs\pait\system\Commands\Server\rewrite.php(43): require_once('C:\\xampp\\htdocs...')
#10 {main}
CRITICAL - 2022-04-12 16:40:17 --> Value of type null is not callable
#0 C:\xampp\htdocs\pait\system\View\View.php(210): include()
#1 C:\xampp\htdocs\pait\system\View\View.php(213): CodeIgniter\View\View->CodeIgniter\View\{closure}()
#2 C:\xampp\htdocs\pait\system\Common.php(1089): CodeIgniter\View\View->render('form/edit_user', Array, true)
#3 C:\xampp\htdocs\pait\app\Controllers\Edit.php(25): view('form/edit_user', Array)
#4 C:\xampp\htdocs\pait\system\CodeIgniter.php(832): App\Controllers\Edit->admin()
#5 C:\xampp\htdocs\pait\system\CodeIgniter.php(419): CodeIgniter\CodeIgniter->runController(Object(App\Controllers\Edit))
#6 C:\xampp\htdocs\pait\system\CodeIgniter.php(326): CodeIgniter\CodeIgniter->handleRequest(NULL, Object(Config\Cache), false)
#7 C:\xampp\htdocs\pait\public\index.php(37): CodeIgniter\CodeIgniter->run()
#8 C:\xampp\htdocs\pait\system\Commands\Server\rewrite.php(43): require_once('C:\\xampp\\htdocs...')
#9 {main}
CRITICAL - 2022-04-12 19:09:08 --> Value of type null is not callable
#0 C:\xampp\htdocs\pait\system\View\View.php(210): include()
#1 C:\xampp\htdocs\pait\system\View\View.php(213): CodeIgniter\View\View->CodeIgniter\View\{closure}()
#2 C:\xampp\htdocs\pait\system\Common.php(1089): CodeIgniter\View\View->render('form/edit_user', Array, true)
#3 C:\xampp\htdocs\pait\app\Controllers\Edit.php(25): view('form/edit_user', Array)
#4 C:\xampp\htdocs\pait\system\CodeIgniter.php(832): App\Controllers\Edit->admin()
#5 C:\xampp\htdocs\pait\system\CodeIgniter.php(419): CodeIgniter\CodeIgniter->runController(Object(App\Controllers\Edit))
#6 C:\xampp\htdocs\pait\system\CodeIgniter.php(326): CodeIgniter\CodeIgniter->handleRequest(NULL, Object(Config\Cache), false)
#7 C:\xampp\htdocs\pait\public\index.php(37): CodeIgniter\CodeIgniter->run()
#8 C:\xampp\htdocs\pait\system\Commands\Server\rewrite.php(43): require_once('C:\\xampp\\htdocs...')
#9 {main}
CRITICAL - 2022-04-12 19:10:06 --> Value of type null is not callable
#0 C:\xampp\htdocs\pait\system\View\View.php(210): include()
#1 C:\xampp\htdocs\pait\system\View\View.php(213): CodeIgniter\View\View->CodeIgniter\View\{closure}()
#2 C:\xampp\htdocs\pait\system\Common.php(1089): CodeIgniter\View\View->render('form/edit_user', Array, true)
#3 C:\xampp\htdocs\pait\app\Controllers\Edit.php(25): view('form/edit_user', Array)
#4 C:\xampp\htdocs\pait\system\CodeIgniter.php(832): App\Controllers\Edit->admin()
#5 C:\xampp\htdocs\pait\system\CodeIgniter.php(419): CodeIgniter\CodeIgniter->runController(Object(App\Controllers\Edit))
#6 C:\xampp\htdocs\pait\system\CodeIgniter.php(326): CodeIgniter\CodeIgniter->handleRequest(NULL, Object(Config\Cache), false)
#7 C:\xampp\htdocs\pait\public\index.php(37): CodeIgniter\CodeIgniter->run()
#8 C:\xampp\htdocs\pait\system\Commands\Server\rewrite.php(43): require_once('C:\\xampp\\htdocs...')
#9 {main}
CRITICAL - 2022-04-12 19:10:19 --> Value of type null is not callable
#0 C:\xampp\htdocs\pait\system\View\View.php(210): include()
#1 C:\xampp\htdocs\pait\system\View\View.php(213): CodeIgniter\View\View->CodeIgniter\View\{closure}()
#2 C:\xampp\htdocs\pait\system\Common.php(1089): CodeIgniter\View\View->render('form/edit_user', Array, true)
#3 C:\xampp\htdocs\pait\app\Controllers\Edit.php(25): view('form/edit_user', Array)
#4 C:\xampp\htdocs\pait\system\CodeIgniter.php(832): App\Controllers\Edit->admin('1')
#5 C:\xampp\htdocs\pait\system\CodeIgniter.php(419): CodeIgniter\CodeIgniter->runController(Object(App\Controllers\Edit))
#6 C:\xampp\htdocs\pait\system\CodeIgniter.php(326): CodeIgniter\CodeIgniter->handleRequest(NULL, Object(Config\Cache), false)
#7 C:\xampp\htdocs\pait\public\index.php(37): CodeIgniter\CodeIgniter->run()
#8 C:\xampp\htdocs\pait\system\Commands\Server\rewrite.php(43): require_once('C:\\xampp\\htdocs...')
#9 {main}
CRITICAL - 2022-04-12 19:18:55 --> Value of type null is not callable
#0 C:\xampp\htdocs\pait\system\View\View.php(210): include()
#1 C:\xampp\htdocs\pait\system\View\View.php(213): CodeIgniter\View\View->CodeIgniter\View\{closure}()
#2 C:\xampp\htdocs\pait\system\Common.php(1089): CodeIgniter\View\View->render('form/edit_user', Array, true)
#3 C:\xampp\htdocs\pait\app\Controllers\Edit.php(25): view('form/edit_user', Array)
#4 C:\xampp\htdocs\pait\system\CodeIgniter.php(832): App\Controllers\Edit->admin('1')
#5 C:\xampp\htdocs\pait\system\CodeIgniter.php(419): CodeIgniter\CodeIgniter->runController(Object(App\Controllers\Edit))
#6 C:\xampp\htdocs\pait\system\CodeIgniter.php(326): CodeIgniter\CodeIgniter->handleRequest(NULL, Object(Config\Cache), false)
#7 C:\xampp\htdocs\pait\public\index.php(37): CodeIgniter\CodeIgniter->run()
#8 C:\xampp\htdocs\pait\system\Commands\Server\rewrite.php(43): require_once('C:\\xampp\\htdocs...')
#9 {main}
CRITICAL - 2022-04-12 19:20:33 --> Value of type null is not callable
#0 C:\xampp\htdocs\pait\system\View\View.php(210): include()
#1 C:\xampp\htdocs\pait\system\View\View.php(213): CodeIgniter\View\View->CodeIgniter\View\{closure}()
#2 C:\xampp\htdocs\pait\system\Common.php(1089): CodeIgniter\View\View->render('form/edit_user', Array, true)
#3 C:\xampp\htdocs\pait\app\Controllers\Edit.php(25): view('form/edit_user', Array)
#4 C:\xampp\htdocs\pait\system\CodeIgniter.php(832): App\Controllers\Edit->admin('1')
#5 C:\xampp\htdocs\pait\system\CodeIgniter.php(419): CodeIgniter\CodeIgniter->runController(Object(App\Controllers\Edit))
#6 C:\xampp\htdocs\pait\system\CodeIgniter.php(326): CodeIgniter\CodeIgniter->handleRequest(NULL, Object(Config\Cache), false)
#7 C:\xampp\htdocs\pait\public\index.php(37): CodeIgniter\CodeIgniter->run()
#8 C:\xampp\htdocs\pait\system\Commands\Server\rewrite.php(43): require_once('C:\\xampp\\htdocs...')
#9 {main}
CRITICAL - 2022-04-12 19:25:00 --> Value of type null is not callable
#0 C:\xampp\htdocs\pait\system\View\View.php(210): include()
#1 C:\xampp\htdocs\pait\system\View\View.php(213): CodeIgniter\View\View->CodeIgniter\View\{closure}()
#2 C:\xampp\htdocs\pait\system\Common.php(1089): CodeIgniter\View\View->render('form/edit_user', Array, true)
#3 C:\xampp\htdocs\pait\app\Controllers\Edit.php(25): view('form/edit_user', Array)
#4 C:\xampp\htdocs\pait\system\CodeIgniter.php(832): App\Controllers\Edit->admin('1')
#5 C:\xampp\htdocs\pait\system\CodeIgniter.php(419): CodeIgniter\CodeIgniter->runController(Object(App\Controllers\Edit))
#6 C:\xampp\htdocs\pait\system\CodeIgniter.php(326): CodeIgniter\CodeIgniter->handleRequest(NULL, Object(Config\Cache), false)
#7 C:\xampp\htdocs\pait\public\index.php(37): CodeIgniter\CodeIgniter->run()
#8 C:\xampp\htdocs\pait\system\Commands\Server\rewrite.php(43): require_once('C:\\xampp\\htdocs...')
#9 {main}
CRITICAL - 2022-04-12 19:27:10 --> Undefined variable $currentPage
#0 C:\xampp\htdocs\pait\app\Views\Form\edit_user.php(47): CodeIgniter\Debug\Exceptions->errorHandler(2, 'Undefined varia...', 'C:\\xampp\\htdocs...', 47)
#1 C:\xampp\htdocs\pait\system\View\View.php(210): include('C:\\xampp\\htdocs...')
#2 C:\xampp\htdocs\pait\system\View\View.php(213): CodeIgniter\View\View->CodeIgniter\View\{closure}()
#3 C:\xampp\htdocs\pait\system\Common.php(1089): CodeIgniter\View\View->render('form/edit_user', Array, true)
#4 C:\xampp\htdocs\pait\app\Controllers\Edit.php(25): view('form/edit_user', Array)
#5 C:\xampp\htdocs\pait\system\CodeIgniter.php(832): App\Controllers\Edit->admin('1')
#6 C:\xampp\htdocs\pait\system\CodeIgniter.php(419): CodeIgniter\CodeIgniter->runController(Object(App\Controllers\Edit))
#7 C:\xampp\htdocs\pait\system\CodeIgniter.php(326): CodeIgniter\CodeIgniter->handleRequest(NULL, Object(Config\Cache), false)
#8 C:\xampp\htdocs\pait\public\index.php(37): CodeIgniter\CodeIgniter->run()
#9 C:\xampp\htdocs\pait\system\Commands\Server\rewrite.php(43): require_once('C:\\xampp\\htdocs...')
#10 {main}
CRITICAL - 2022-04-12 19:27:22 --> Undefined variable $currentPage
#0 C:\xampp\htdocs\pait\app\Views\Form\edit_user.php(47): CodeIgniter\Debug\Exceptions->errorHandler(2, 'Undefined varia...', 'C:\\xampp\\htdocs...', 47)
#1 C:\xampp\htdocs\pait\system\View\View.php(210): include('C:\\xampp\\htdocs...')
#2 C:\xampp\htdocs\pait\system\View\View.php(213): CodeIgniter\View\View->CodeIgniter\View\{closure}()
#3 C:\xampp\htdocs\pait\system\Common.php(1089): CodeIgniter\View\View->render('form/edit_user', Array, true)
#4 C:\xampp\htdocs\pait\app\Controllers\Edit.php(25): view('form/edit_user', Array)
#5 C:\xampp\htdocs\pait\system\CodeIgniter.php(832): App\Controllers\Edit->admin('1')
#6 C:\xampp\htdocs\pait\system\CodeIgniter.php(419): CodeIgniter\CodeIgniter->runController(Object(App\Controllers\Edit))
#7 C:\xampp\htdocs\pait\system\CodeIgniter.php(326): CodeIgniter\CodeIgniter->handleRequest(NULL, Object(Config\Cache), false)
#8 C:\xampp\htdocs\pait\public\index.php(37): CodeIgniter\CodeIgniter->run()
#9 C:\xampp\htdocs\pait\system\Commands\Server\rewrite.php(43): require_once('C:\\xampp\\htdocs...')
#10 {main}
CRITICAL - 2022-04-12 19:28:24 --> Undefined variable $url
#0 C:\xampp\htdocs\pait\app\Views\template\form-user.php(57): CodeIgniter\Debug\Exceptions->errorHandler(2, 'Undefined varia...', 'C:\\xampp\\htdocs...', 57)
#1 C:\xampp\htdocs\pait\system\View\View.php(210): include('C:\\xampp\\htdocs...')
#2 C:\xampp\htdocs\pait\system\View\View.php(213): CodeIgniter\View\View->CodeIgniter\View\{closure}()
#3 C:\xampp\htdocs\pait\system\View\View.php(226): CodeIgniter\View\View->render('template/form-u...', Array, true)
#4 C:\xampp\htdocs\pait\system\Common.php(1089): CodeIgniter\View\View->render('form/edit_user', Array, true)
#5 C:\xampp\htdocs\pait\app\Controllers\Edit.php(25): view('form/edit_user', Array)
#6 C:\xampp\htdocs\pait\system\CodeIgniter.php(832): App\Controllers\Edit->admin('1')
#7 C:\xampp\htdocs\pait\system\CodeIgniter.php(419): CodeIgniter\CodeIgniter->runController(Object(App\Controllers\Edit))
#8 C:\xampp\htdocs\pait\system\CodeIgniter.php(326): CodeIgniter\CodeIgniter->handleRequest(NULL, Object(Config\Cache), false)
#9 C:\xampp\htdocs\pait\public\index.php(37): CodeIgniter\CodeIgniter->run()
#10 C:\xampp\htdocs\pait\system\Commands\Server\rewrite.php(43): require_once('C:\\xampp\\htdocs...')
#11 {main}
CRITICAL - 2022-04-12 19:29:31 --> Undefined variable $url
#0 C:\xampp\htdocs\pait\app\Views\template\form-user.php(57): CodeIgniter\Debug\Exceptions->errorHandler(2, 'Undefined varia...', 'C:\\xampp\\htdocs...', 57)
#1 C:\xampp\htdocs\pait\system\View\View.php(210): include('C:\\xampp\\htdocs...')
#2 C:\xampp\htdocs\pait\system\View\View.php(213): CodeIgniter\View\View->CodeIgniter\View\{closure}()
#3 C:\xampp\htdocs\pait\system\View\View.php(226): CodeIgniter\View\View->render('template/form-u...', Array, true)
#4 C:\xampp\htdocs\pait\system\Common.php(1089): CodeIgniter\View\View->render('form/edit_user', Array, true)
#5 C:\xampp\htdocs\pait\app\Controllers\Edit.php(25): view('form/edit_user', Array)
#6 C:\xampp\htdocs\pait\system\CodeIgniter.php(832): App\Controllers\Edit->admin('1')
#7 C:\xampp\htdocs\pait\system\CodeIgniter.php(419): CodeIgniter\CodeIgniter->runController(Object(App\Controllers\Edit))
#8 C:\xampp\htdocs\pait\system\CodeIgniter.php(326): CodeIgniter\CodeIgniter->handleRequest(NULL, Object(Config\Cache), false)
#9 C:\xampp\htdocs\pait\public\index.php(37): CodeIgniter\CodeIgniter->run()
#10 C:\xampp\htdocs\pait\system\Commands\Server\rewrite.php(43): require_once('C:\\xampp\\htdocs...')
#11 {main}
CRITICAL - 2022-04-12 19:53:16 --> Undefined variable $url
#0 C:\xampp\htdocs\pait\app\Views\template\edit-user.php(57): CodeIgniter\Debug\Exceptions->errorHandler(2, 'Undefined varia...', 'C:\\xampp\\htdocs...', 57)
#1 C:\xampp\htdocs\pait\system\View\View.php(210): include('C:\\xampp\\htdocs...')
#2 C:\xampp\htdocs\pait\system\View\View.php(213): CodeIgniter\View\View->CodeIgniter\View\{closure}()
#3 C:\xampp\htdocs\pait\system\View\View.php(226): CodeIgniter\View\View->render('template/edit-u...', Array, true)
#4 C:\xampp\htdocs\pait\system\Common.php(1089): CodeIgniter\View\View->render('form/edit_user', Array, true)
#5 C:\xampp\htdocs\pait\app\Controllers\Edit.php(25): view('form/edit_user', Array)
#6 C:\xampp\htdocs\pait\system\CodeIgniter.php(832): App\Controllers\Edit->admin('1')
#7 C:\xampp\htdocs\pait\system\CodeIgniter.php(419): CodeIgniter\CodeIgniter->runController(Object(App\Controllers\Edit))
#8 C:\xampp\htdocs\pait\system\CodeIgniter.php(326): CodeIgniter\CodeIgniter->handleRequest(NULL, Object(Config\Cache), false)
#9 C:\xampp\htdocs\pait\public\index.php(37): CodeIgniter\CodeIgniter->run()
#10 C:\xampp\htdocs\pait\system\Commands\Server\rewrite.php(43): require_once('C:\\xampp\\htdocs...')
#11 {main}
CRITICAL - 2022-04-12 20:01:07 --> Undefined variable $usr
#0 C:\xampp\htdocs\pait\app\Views\Form\edit_user.php(30): CodeIgniter\Debug\Exceptions->errorHandler(2, 'Undefined varia...', 'C:\\xampp\\htdocs...', 30)
#1 C:\xampp\htdocs\pait\system\View\View.php(210): include('C:\\xampp\\htdocs...')
#2 C:\xampp\htdocs\pait\system\View\View.php(213): CodeIgniter\View\View->CodeIgniter\View\{closure}()
#3 C:\xampp\htdocs\pait\system\Common.php(1089): CodeIgniter\View\View->render('form/edit_user', Array, true)
#4 C:\xampp\htdocs\pait\app\Controllers\Edit.php(26): view('form/edit_user', Array)
#5 C:\xampp\htdocs\pait\system\CodeIgniter.php(832): App\Controllers\Edit->admin('1')
#6 C:\xampp\htdocs\pait\system\CodeIgniter.php(419): CodeIgniter\CodeIgniter->runController(Object(App\Controllers\Edit))
#7 C:\xampp\htdocs\pait\system\CodeIgniter.php(326): CodeIgniter\CodeIgniter->handleRequest(NULL, Object(Config\Cache), false)
#8 C:\xampp\htdocs\pait\public\index.php(37): CodeIgniter\CodeIgniter->run()
#9 C:\xampp\htdocs\pait\system\Commands\Server\rewrite.php(43): require_once('C:\\xampp\\htdocs...')
#10 {main}
CRITICAL - 2022-04-12 20:01:35 --> Value of type null is not callable
#0 C:\xampp\htdocs\pait\system\View\View.php(210): include()
#1 C:\xampp\htdocs\pait\system\View\View.php(213): CodeIgniter\View\View->CodeIgniter\View\{closure}()
#2 C:\xampp\htdocs\pait\system\Common.php(1089): CodeIgniter\View\View->render('form/edit_user', Array, true)
#3 C:\xampp\htdocs\pait\app\Controllers\Edit.php(26): view('form/edit_user', Array)
#4 C:\xampp\htdocs\pait\system\CodeIgniter.php(832): App\Controllers\Edit->admin('1')
#5 C:\xampp\htdocs\pait\system\CodeIgniter.php(419): CodeIgniter\CodeIgniter->runController(Object(App\Controllers\Edit))
#6 C:\xampp\htdocs\pait\system\CodeIgniter.php(326): CodeIgniter\CodeIgniter->handleRequest(NULL, Object(Config\Cache), false)
#7 C:\xampp\htdocs\pait\public\index.php(37): CodeIgniter\CodeIgniter->run()
#8 C:\xampp\htdocs\pait\system\Commands\Server\rewrite.php(43): require_once('C:\\xampp\\htdocs...')
#9 {main}
CRITICAL - 2022-04-12 20:05:36 --> Value of type null is not callable
#0 C:\xampp\htdocs\pait\system\View\View.php(210): include()
#1 C:\xampp\htdocs\pait\system\View\View.php(213): CodeIgniter\View\View->CodeIgniter\View\{closure}()
#2 C:\xampp\htdocs\pait\system\Common.php(1089): CodeIgniter\View\View->render('form/edit_user', Array, true)
#3 C:\xampp\htdocs\pait\app\Controllers\Edit.php(26): view('form/edit_user', Array)
#4 C:\xampp\htdocs\pait\system\CodeIgniter.php(832): App\Controllers\Edit->admin('1')
#5 C:\xampp\htdocs\pait\system\CodeIgniter.php(419): CodeIgniter\CodeIgniter->runController(Object(App\Controllers\Edit))
#6 C:\xampp\htdocs\pait\system\CodeIgniter.php(326): CodeIgniter\CodeIgniter->handleRequest(NULL, Object(Config\Cache), false)
#7 C:\xampp\htdocs\pait\public\index.php(37): CodeIgniter\CodeIgniter->run()
#8 C:\xampp\htdocs\pait\system\Commands\Server\rewrite.php(43): require_once('C:\\xampp\\htdocs...')
#9 {main}
CRITICAL - 2022-04-12 20:05:42 --> Value of type null is not callable
#0 C:\xampp\htdocs\pait\system\View\View.php(210): include()
#1 C:\xampp\htdocs\pait\system\View\View.php(213): CodeIgniter\View\View->CodeIgniter\View\{closure}()
#2 C:\xampp\htdocs\pait\system\Common.php(1089): CodeIgniter\View\View->render('form/edit_user', Array, true)
#3 C:\xampp\htdocs\pait\app\Controllers\Edit.php(26): view('form/edit_user', Array)
#4 C:\xampp\htdocs\pait\system\CodeIgniter.php(832): App\Controllers\Edit->admin('1')
#5 C:\xampp\htdocs\pait\system\CodeIgniter.php(419): CodeIgniter\CodeIgniter->runController(Object(App\Controllers\Edit))
#6 C:\xampp\htdocs\pait\system\CodeIgniter.php(326): CodeIgniter\CodeIgniter->handleRequest(NULL, Object(Config\Cache), false)
#7 C:\xampp\htdocs\pait\public\index.php(37): CodeIgniter\CodeIgniter->run()
#8 C:\xampp\htdocs\pait\system\Commands\Server\rewrite.php(43): require_once('C:\\xampp\\htdocs...')
#9 {main}
CRITICAL - 2022-04-12 20:06:51 --> Value of type null is not callable
#0 C:\xampp\htdocs\pait\system\View\View.php(210): include()
#1 C:\xampp\htdocs\pait\system\View\View.php(213): CodeIgniter\View\View->CodeIgniter\View\{closure}()
#2 C:\xampp\htdocs\pait\system\Common.php(1089): CodeIgniter\View\View->render('form/edit_user', Array, true)
#3 C:\xampp\htdocs\pait\app\Controllers\Edit.php(26): view('form/edit_user', Array)
#4 C:\xampp\htdocs\pait\system\CodeIgniter.php(832): App\Controllers\Edit->admin('1')
#5 C:\xampp\htdocs\pait\system\CodeIgniter.php(419): CodeIgniter\CodeIgniter->runController(Object(App\Controllers\Edit))
#6 C:\xampp\htdocs\pait\system\CodeIgniter.php(326): CodeIgniter\CodeIgniter->handleRequest(NULL, Object(Config\Cache), false)
#7 C:\xampp\htdocs\pait\public\index.php(37): CodeIgniter\CodeIgniter->run()
#8 C:\xampp\htdocs\pait\system\Commands\Server\rewrite.php(43): require_once('C:\\xampp\\htdocs...')
#9 {main}
CRITICAL - 2022-04-12 20:07:01 --> Value of type null is not callable
#0 C:\xampp\htdocs\pait\system\View\View.php(210): include()
#1 C:\xampp\htdocs\pait\system\View\View.php(213): CodeIgniter\View\View->CodeIgniter\View\{closure}()
#2 C:\xampp\htdocs\pait\system\Common.php(1089): CodeIgniter\View\View->render('form/edit_user', Array, true)
#3 C:\xampp\htdocs\pait\app\Controllers\Edit.php(26): view('form/edit_user', Array)
#4 C:\xampp\htdocs\pait\system\CodeIgniter.php(832): App\Controllers\Edit->admin('1')
#5 C:\xampp\htdocs\pait\system\CodeIgniter.php(419): CodeIgniter\CodeIgniter->runController(Object(App\Controllers\Edit))
#6 C:\xampp\htdocs\pait\system\CodeIgniter.php(326): CodeIgniter\CodeIgniter->handleRequest(NULL, Object(Config\Cache), false)
#7 C:\xampp\htdocs\pait\public\index.php(37): CodeIgniter\CodeIgniter->run()
#8 C:\xampp\htdocs\pait\system\Commands\Server\rewrite.php(43): require_once('C:\\xampp\\htdocs...')
#9 {main}
CRITICAL - 2022-04-12 20:09:11 --> Value of type null is not callable
#0 C:\xampp\htdocs\pait\system\View\View.php(210): include()
#1 C:\xampp\htdocs\pait\system\View\View.php(213): CodeIgniter\View\View->CodeIgniter\View\{closure}()
#2 C:\xampp\htdocs\pait\system\Common.php(1089): CodeIgniter\View\View->render('form/edit_user', Array, true)
#3 C:\xampp\htdocs\pait\app\Controllers\Edit.php(26): view('form/edit_user', Array)
#4 C:\xampp\htdocs\pait\system\CodeIgniter.php(832): App\Controllers\Edit->admin('1')
#5 C:\xampp\htdocs\pait\system\CodeIgniter.php(419): CodeIgniter\CodeIgniter->runController(Object(App\Controllers\Edit))
#6 C:\xampp\htdocs\pait\system\CodeIgniter.php(326): CodeIgniter\CodeIgniter->handleRequest(NULL, Object(Config\Cache), false)
#7 C:\xampp\htdocs\pait\public\index.php(37): CodeIgniter\CodeIgniter->run()
#8 C:\xampp\htdocs\pait\system\Commands\Server\rewrite.php(43): require_once('C:\\xampp\\htdocs...')
#9 {main}
CRITICAL - 2022-04-12 20:09:51 --> Value of type null is not callable
#0 C:\xampp\htdocs\pait\system\View\View.php(210): include()
#1 C:\xampp\htdocs\pait\system\View\View.php(213): CodeIgniter\View\View->CodeIgniter\View\{closure}()
#2 C:\xampp\htdocs\pait\system\Common.php(1089): CodeIgniter\View\View->render('form/edit_user', Array, true)
#3 C:\xampp\htdocs\pait\app\Controllers\Edit.php(26): view('form/edit_user', Array)
#4 C:\xampp\htdocs\pait\system\CodeIgniter.php(832): App\Controllers\Edit->admin('1')
#5 C:\xampp\htdocs\pait\system\CodeIgniter.php(419): CodeIgniter\CodeIgniter->runController(Object(App\Controllers\Edit))
#6 C:\xampp\htdocs\pait\system\CodeIgniter.php(326): CodeIgniter\CodeIgniter->handleRequest(NULL, Object(Config\Cache), false)
#7 C:\xampp\htdocs\pait\public\index.php(37): CodeIgniter\CodeIgniter->run()
#8 C:\xampp\htdocs\pait\system\Commands\Server\rewrite.php(43): require_once('C:\\xampp\\htdocs...')
#9 {main}
CRITICAL - 2022-04-12 20:09:55 --> Value of type null is not callable
#0 C:\xampp\htdocs\pait\system\View\View.php(210): include()
#1 C:\xampp\htdocs\pait\system\View\View.php(213): CodeIgniter\View\View->CodeIgniter\View\{closure}()
#2 C:\xampp\htdocs\pait\system\Common.php(1089): CodeIgniter\View\View->render('form/edit_user', Array, true)
#3 C:\xampp\htdocs\pait\app\Controllers\Edit.php(26): view('form/edit_user', Array)
#4 C:\xampp\htdocs\pait\system\CodeIgniter.php(832): App\Controllers\Edit->admin('1')
#5 C:\xampp\htdocs\pait\system\CodeIgniter.php(419): CodeIgniter\CodeIgniter->runController(Object(App\Controllers\Edit))
#6 C:\xampp\htdocs\pait\system\CodeIgniter.php(326): CodeIgniter\CodeIgniter->handleRequest(NULL, Object(Config\Cache), false)
#7 C:\xampp\htdocs\pait\public\index.php(37): CodeIgniter\CodeIgniter->run()
#8 C:\xampp\htdocs\pait\system\Commands\Server\rewrite.php(43): require_once('C:\\xampp\\htdocs...')
#9 {main}
CRITICAL - 2022-04-12 20:10:25 --> Value of type null is not callable
#0 C:\xampp\htdocs\pait\system\View\View.php(210): include()
#1 C:\xampp\htdocs\pait\system\View\View.php(213): CodeIgniter\View\View->CodeIgniter\View\{closure}()
#2 C:\xampp\htdocs\pait\system\Common.php(1089): CodeIgniter\View\View->render('form/edit_user', Array, true)
#3 C:\xampp\htdocs\pait\app\Controllers\Edit.php(26): view('form/edit_user', Array)
#4 C:\xampp\htdocs\pait\system\CodeIgniter.php(832): App\Controllers\Edit->admin('1')
#5 C:\xampp\htdocs\pait\system\CodeIgniter.php(419): CodeIgniter\CodeIgniter->runController(Object(App\Controllers\Edit))
#6 C:\xampp\htdocs\pait\system\CodeIgniter.php(326): CodeIgniter\CodeIgniter->handleRequest(NULL, Object(Config\Cache), false)
#7 C:\xampp\htdocs\pait\public\index.php(37): CodeIgniter\CodeIgniter->run()
#8 C:\xampp\htdocs\pait\system\Commands\Server\rewrite.php(43): require_once('C:\\xampp\\htdocs...')
#9 {main}
CRITICAL - 2022-04-12 20:10:55 --> Value of type null is not callable
#0 C:\xampp\htdocs\pait\system\View\View.php(210): include()
#1 C:\xampp\htdocs\pait\system\View\View.php(213): CodeIgniter\View\View->CodeIgniter\View\{closure}()
#2 C:\xampp\htdocs\pait\system\Common.php(1089): CodeIgniter\View\View->render('form/edit_user', Array, true)
#3 C:\xampp\htdocs\pait\app\Controllers\Edit.php(26): view('form/edit_user', Array)
#4 C:\xampp\htdocs\pait\system\CodeIgniter.php(832): App\Controllers\Edit->admin('1')
#5 C:\xampp\htdocs\pait\system\CodeIgniter.php(419): CodeIgniter\CodeIgniter->runController(Object(App\Controllers\Edit))
#6 C:\xampp\htdocs\pait\system\CodeIgniter.php(326): CodeIgniter\CodeIgniter->handleRequest(NULL, Object(Config\Cache), false)
#7 C:\xampp\htdocs\pait\public\index.php(37): CodeIgniter\CodeIgniter->run()
#8 C:\xampp\htdocs\pait\system\Commands\Server\rewrite.php(43): require_once('C:\\xampp\\htdocs...')
#9 {main}
CRITICAL - 2022-04-12 20:14:58 --> Value of type null is not callable
#0 C:\xampp\htdocs\pait\system\CodeIgniter.php(832): App\Controllers\Edit->admin('1')
#1 C:\xampp\htdocs\pait\system\CodeIgniter.php(419): CodeIgniter\CodeIgniter->runController(Object(App\Controllers\Edit))
#2 C:\xampp\htdocs\pait\system\CodeIgniter.php(326): CodeIgniter\CodeIgniter->handleRequest(NULL, Object(Config\Cache), false)
#3 C:\xampp\htdocs\pait\public\index.php(37): CodeIgniter\CodeIgniter->run()
#4 C:\xampp\htdocs\pait\system\Commands\Server\rewrite.php(43): require_once('C:\\xampp\\htdocs...')
#5 {main}
CRITICAL - 2022-04-12 20:15:17 --> Value of type null is not callable
#0 C:\xampp\htdocs\pait\system\CodeIgniter.php(832): App\Controllers\Edit->admin('1')
#1 C:\xampp\htdocs\pait\system\CodeIgniter.php(419): CodeIgniter\CodeIgniter->runController(Object(App\Controllers\Edit))
#2 C:\xampp\htdocs\pait\system\CodeIgniter.php(326): CodeIgniter\CodeIgniter->handleRequest(NULL, Object(Config\Cache), false)
#3 C:\xampp\htdocs\pait\public\index.php(37): CodeIgniter\CodeIgniter->run()
#4 C:\xampp\htdocs\pait\system\Commands\Server\rewrite.php(43): require_once('C:\\xampp\\htdocs...')
#5 {main}
CRITICAL - 2022-04-12 20:35:01 --> Undefined array key "jname"
#0 C:\xampp\htdocs\pait\app\Views\admin\administrator.php(53): CodeIgniter\Debug\Exceptions->errorHandler(2, 'Undefined array...', 'C:\\xampp\\htdocs...', 53)
#1 C:\xampp\htdocs\pait\system\View\View.php(210): include('C:\\xampp\\htdocs...')
#2 C:\xampp\htdocs\pait\system\View\View.php(213): CodeIgniter\View\View->CodeIgniter\View\{closure}()
#3 C:\xampp\htdocs\pait\system\Common.php(1089): CodeIgniter\View\View->render('admin/administr...', Array, true)
#4 C:\xampp\htdocs\pait\app\Controllers\Admin.php(121): view('admin/administr...', Array)
#5 C:\xampp\htdocs\pait\system\CodeIgniter.php(832): App\Controllers\Admin->user()
#6 C:\xampp\htdocs\pait\system\CodeIgniter.php(419): CodeIgniter\CodeIgniter->runController(Object(App\Controllers\Admin))
#7 C:\xampp\htdocs\pait\system\CodeIgniter.php(326): CodeIgniter\CodeIgniter->handleRequest(NULL, Object(Config\Cache), false)
#8 C:\xampp\htdocs\pait\public\index.php(37): CodeIgniter\CodeIgniter->run()
#9 C:\xampp\htdocs\pait\system\Commands\Server\rewrite.php(43): require_once('C:\\xampp\\htdocs...')
#10 {main}
CRITICAL - 2022-04-12 20:35:20 --> Undefined array key "jname"
#0 C:\xampp\htdocs\pait\app\Views\admin\administrator.php(53): CodeIgniter\Debug\Exceptions->errorHandler(2, 'Undefined array...', 'C:\\xampp\\htdocs...', 53)
#1 C:\xampp\htdocs\pait\system\View\View.php(210): include('C:\\xampp\\htdocs...')
#2 C:\xampp\htdocs\pait\system\View\View.php(213): CodeIgniter\View\View->CodeIgniter\View\{closure}()
#3 C:\xampp\htdocs\pait\system\Common.php(1089): CodeIgniter\View\View->render('admin/administr...', Array, true)
#4 C:\xampp\htdocs\pait\app\Controllers\Admin.php(121): view('admin/administr...', Array)
#5 C:\xampp\htdocs\pait\system\CodeIgniter.php(832): App\Controllers\Admin->user()
#6 C:\xampp\htdocs\pait\system\CodeIgniter.php(419): CodeIgniter\CodeIgniter->runController(Object(App\Controllers\Admin))
#7 C:\xampp\htdocs\pait\system\CodeIgniter.php(326): CodeIgniter\CodeIgniter->handleRequest(NULL, Object(Config\Cache), false)
#8 C:\xampp\htdocs\pait\public\index.php(37): CodeIgniter\CodeIgniter->run()
#9 C:\xampp\htdocs\pait\system\Commands\Server\rewrite.php(43): require_once('C:\\xampp\\htdocs...')
#10 {main}
