CRITICAL - 2022-04-06 03:59:22 --> Undefined property: App\Controllers\Admin::$pager
#0 C:\xampp\htdocs\pait\app\Controllers\Admin.php(33): CodeIgniter\Debug\Exceptions->errorHandler(2, 'Undefined prope...', 'C:\\xampp\\htdocs...', 33)
#1 C:\xampp\htdocs\pait\system\CodeIgniter.php(832): App\Controllers\Admin->memberAdmin()
#2 C:\xampp\htdocs\pait\system\CodeIgniter.php(419): CodeIgniter\CodeIgniter->runController(Object(App\Controllers\Admin))
#3 C:\xampp\htdocs\pait\system\CodeIgniter.php(326): CodeIgniter\CodeIgniter->handleRequest(NULL, Object(Config\Cache), false)
#4 C:\xampp\htdocs\pait\public\index.php(37): CodeIgniter\CodeIgniter->run()
#5 C:\xampp\htdocs\pait\system\Commands\Server\rewrite.php(43): require_once('C:\\xampp\\htdocs...')
#6 {main}
CRITICAL - 2022-04-06 04:03:44 --> Undefined property: App\Controllers\Admin::$pager
#0 C:\xampp\htdocs\pait\app\Controllers\Admin.php(34): CodeIgniter\Debug\Exceptions->errorHandler(2, 'Undefined prope...', 'C:\\xampp\\htdocs...', 34)
#1 C:\xampp\htdocs\pait\system\CodeIgniter.php(832): App\Controllers\Admin->memberAdmin()
#2 C:\xampp\htdocs\pait\system\CodeIgniter.php(419): CodeIgniter\CodeIgniter->runController(Object(App\Controllers\Admin))
#3 C:\xampp\htdocs\pait\system\CodeIgniter.php(326): CodeIgniter\CodeIgniter->handleRequest(NULL, Object(Config\Cache), false)
#4 C:\xampp\htdocs\pait\public\index.php(37): CodeIgniter\CodeIgniter->run()
#5 C:\xampp\htdocs\pait\system\Commands\Server\rewrite.php(43): require_once('C:\\xampp\\htdocs...')
#6 {main}
CRITICAL - 2022-04-06 04:07:22 --> Undefined property: App\Controllers\Admin::$pager
#0 C:\xampp\htdocs\pait\app\Controllers\Admin.php(34): CodeIgniter\Debug\Exceptions->errorHandler(2, 'Undefined prope...', 'C:\\xampp\\htdocs...', 34)
#1 C:\xampp\htdocs\pait\system\CodeIgniter.php(832): App\Controllers\Admin->memberAdmin()
#2 C:\xampp\htdocs\pait\system\CodeIgniter.php(419): CodeIgniter\CodeIgniter->runController(Object(App\Controllers\Admin))
#3 C:\xampp\htdocs\pait\system\CodeIgniter.php(326): CodeIgniter\CodeIgniter->handleRequest(NULL, Object(Config\Cache), false)
#4 C:\xampp\htdocs\pait\public\index.php(37): CodeIgniter\CodeIgniter->run()
#5 C:\xampp\htdocs\pait\system\Commands\Server\rewrite.php(43): require_once('C:\\xampp\\htdocs...')
#6 {main}
CRITICAL - 2022-04-06 04:13:44 --> Undefined property: App\Controllers\Admin::$pager
#0 C:\xampp\htdocs\pait\app\Controllers\Admin.php(35): CodeIgniter\Debug\Exceptions->errorHandler(2, 'Undefined prope...', 'C:\\xampp\\htdocs...', 35)
#1 C:\xampp\htdocs\pait\system\CodeIgniter.php(832): App\Controllers\Admin->memberAdmin()
#2 C:\xampp\htdocs\pait\system\CodeIgniter.php(419): CodeIgniter\CodeIgniter->runController(Object(App\Controllers\Admin))
#3 C:\xampp\htdocs\pait\system\CodeIgniter.php(326): CodeIgniter\CodeIgniter->handleRequest(NULL, Object(Config\Cache), false)
#4 C:\xampp\htdocs\pait\public\index.php(37): CodeIgniter\CodeIgniter->run()
#5 C:\xampp\htdocs\pait\system\Commands\Server\rewrite.php(43): require_once('C:\\xampp\\htdocs...')
#6 {main}
CRITICAL - 2022-04-06 06:53:39 --> Undefined variable $currentPage
#0 C:\xampp\htdocs\pait\app\Views\admin\administrator.php(31): CodeIgniter\Debug\Exceptions->errorHandler(2, 'Undefined varia...', 'C:\\xampp\\htdocs...', 31)
#1 C:\xampp\htdocs\pait\system\View\View.php(210): include('C:\\xampp\\htdocs...')
#2 C:\xampp\htdocs\pait\system\View\View.php(213): CodeIgniter\View\View->CodeIgniter\View\{closure}()
#3 C:\xampp\htdocs\pait\system\Common.php(1089): CodeIgniter\View\View->render('admin/administr...', Array, true)
#4 C:\xampp\htdocs\pait\app\Controllers\Admin.php(37): view('admin/administr...', Array)
#5 C:\xampp\htdocs\pait\system\CodeIgniter.php(832): App\Controllers\Admin->memberAdmin()
#6 C:\xampp\htdocs\pait\system\CodeIgniter.php(419): CodeIgniter\CodeIgniter->runController(Object(App\Controllers\Admin))
#7 C:\xampp\htdocs\pait\system\CodeIgniter.php(326): CodeIgniter\CodeIgniter->handleRequest(NULL, Object(Config\Cache), false)
#8 C:\xampp\htdocs\pait\public\index.php(37): CodeIgniter\CodeIgniter->run()
#9 C:\xampp\htdocs\pait\system\Commands\Server\rewrite.php(43): require_once('C:\\xampp\\htdocs...')
#10 {main}
CRITICAL - 2022-04-06 06:57:37 --> Undefined variable $currentPage
#0 C:\xampp\htdocs\pait\app\Views\admin\administrator.php(31): CodeIgniter\Debug\Exceptions->errorHandler(2, 'Undefined varia...', 'C:\\xampp\\htdocs...', 31)
#1 C:\xampp\htdocs\pait\system\View\View.php(210): include('C:\\xampp\\htdocs...')
#2 C:\xampp\htdocs\pait\system\View\View.php(213): CodeIgniter\View\View->CodeIgniter\View\{closure}()
#3 C:\xampp\htdocs\pait\system\Common.php(1089): CodeIgniter\View\View->render('admin/administr...', Array, true)
#4 C:\xampp\htdocs\pait\app\Controllers\Admin.php(37): view('admin/administr...', Array)
#5 C:\xampp\htdocs\pait\system\CodeIgniter.php(832): App\Controllers\Admin->memberAdmin()
#6 C:\xampp\htdocs\pait\system\CodeIgniter.php(419): CodeIgniter\CodeIgniter->runController(Object(App\Controllers\Admin))
#7 C:\xampp\htdocs\pait\system\CodeIgniter.php(326): CodeIgniter\CodeIgniter->handleRequest(NULL, Object(Config\Cache), false)
#8 C:\xampp\htdocs\pait\public\index.php(37): CodeIgniter\CodeIgniter->run()
#9 C:\xampp\htdocs\pait\system\Commands\Server\rewrite.php(43): require_once('C:\\xampp\\htdocs...')
#10 {main}
CRITICAL - 2022-04-06 08:30:45 --> Call to undefined method App\Models\UserMDL::searchAdmin
#0 C:\xampp\htdocs\pait\app\Controllers\Admin.php(36): CodeIgniter\Model->__call('searchAdmin', Array)
#1 C:\xampp\htdocs\pait\system\CodeIgniter.php(832): App\Controllers\Admin->memberAdmin()
#2 C:\xampp\htdocs\pait\system\CodeIgniter.php(419): CodeIgniter\CodeIgniter->runController(Object(App\Controllers\Admin))
#3 C:\xampp\htdocs\pait\system\CodeIgniter.php(326): CodeIgniter\CodeIgniter->handleRequest(NULL, Object(Config\Cache), false)
#4 C:\xampp\htdocs\pait\public\index.php(37): CodeIgniter\CodeIgniter->run()
#5 C:\xampp\htdocs\pait\system\Commands\Server\rewrite.php(43): require_once('C:\\xampp\\htdocs...')
#6 {main}
ERROR - 2022-04-06 09:11:13 --> Unknown column 'nama' in 'where clause'
CRITICAL - 2022-04-06 09:11:13 --> Unknown column 'nama' in 'where clause'
#0 C:\xampp\htdocs\pait\system\Database\MySQLi\Connection.php(292): mysqli->query('SELECT COUNT(*)...', 0)
#1 C:\xampp\htdocs\pait\system\Database\BaseConnection.php(670): CodeIgniter\Database\MySQLi\Connection->execute('SELECT COUNT(*)...')
#2 C:\xampp\htdocs\pait\system\Database\BaseConnection.php(598): CodeIgniter\Database\BaseConnection->simpleQuery('SELECT COUNT(*)...')
#3 C:\xampp\htdocs\pait\system\Database\BaseBuilder.php(1539): CodeIgniter\Database\BaseConnection->query('SELECT COUNT(*)...', Array, false)
#4 C:\xampp\htdocs\pait\system\Model.php(509): CodeIgniter\Database\BaseBuilder->countAllResults(false)
#5 C:\xampp\htdocs\pait\system\BaseModel.php(1084): CodeIgniter\Model->countAllResults(false)
#6 C:\xampp\htdocs\pait\app\Controllers\Admin.php(46): CodeIgniter\BaseModel->paginate(5, 'user')
#7 C:\xampp\htdocs\pait\system\CodeIgniter.php(832): App\Controllers\Admin->memberAdmin()
#8 C:\xampp\htdocs\pait\system\CodeIgniter.php(419): CodeIgniter\CodeIgniter->runController(Object(App\Controllers\Admin))
#9 C:\xampp\htdocs\pait\system\CodeIgniter.php(326): CodeIgniter\CodeIgniter->handleRequest(NULL, Object(Config\Cache), false)
#10 C:\xampp\htdocs\pait\public\index.php(37): CodeIgniter\CodeIgniter->run()
#11 C:\xampp\htdocs\pait\system\Commands\Server\rewrite.php(43): require_once('C:\\xampp\\htdocs...')
#12 {main}
CRITICAL - 2022-04-06 09:26:57 --> Call to undefined method App\Models\UserMDL::searchAdmin
#0 C:\xampp\htdocs\pait\app\Controllers\Admin.php(36): CodeIgniter\Model->__call('searchAdmin', Array)
#1 C:\xampp\htdocs\pait\system\CodeIgniter.php(832): App\Controllers\Admin->memberAdmin()
#2 C:\xampp\htdocs\pait\system\CodeIgniter.php(419): CodeIgniter\CodeIgniter->runController(Object(App\Controllers\Admin))
#3 C:\xampp\htdocs\pait\system\CodeIgniter.php(326): CodeIgniter\CodeIgniter->handleRequest(NULL, Object(Config\Cache), false)
#4 C:\xampp\htdocs\pait\public\index.php(37): CodeIgniter\CodeIgniter->run()
#5 C:\xampp\htdocs\pait\system\Commands\Server\rewrite.php(43): require_once('C:\\xampp\\htdocs...')
#6 {main}
CRITICAL - 2022-04-06 17:25:22 --> Undefined variable $chartValueData
#0 C:\xampp\htdocs\pait\app\Views\template\dashboard-admin.php(23): CodeIgniter\Debug\Exceptions->errorHandler(2, 'Undefined varia...', 'C:\\xampp\\htdocs...', 23)
#1 C:\xampp\htdocs\pait\system\View\View.php(210): include('C:\\xampp\\htdocs...')
#2 C:\xampp\htdocs\pait\system\View\View.php(213): CodeIgniter\View\View->CodeIgniter\View\{closure}()
#3 C:\xampp\htdocs\pait\system\View\View.php(226): CodeIgniter\View\View->render('template/dashbo...', Array, true)
#4 C:\xampp\htdocs\pait\system\Common.php(1089): CodeIgniter\View\View->render('admin/mahasiswa', Array, true)
#5 C:\xampp\htdocs\pait\app\Controllers\Admin.php(75): view('admin/mahasiswa', Array)
#6 C:\xampp\htdocs\pait\system\CodeIgniter.php(832): App\Controllers\Admin->mahasiswa()
#7 C:\xampp\htdocs\pait\system\CodeIgniter.php(419): CodeIgniter\CodeIgniter->runController(Object(App\Controllers\Admin))
#8 C:\xampp\htdocs\pait\system\CodeIgniter.php(326): CodeIgniter\CodeIgniter->handleRequest(NULL, Object(Config\Cache), false)
#9 C:\xampp\htdocs\pait\public\index.php(37): CodeIgniter\CodeIgniter->run()
#10 C:\xampp\htdocs\pait\system\Commands\Server\rewrite.php(43): require_once('C:\\xampp\\htdocs...')
#11 {main}
CRITICAL - 2022-04-06 17:38:28 --> Undefined array key "kategori"
#0 C:\xampp\htdocs\pait\app\Views\admin\soal.php(52): CodeIgniter\Debug\Exceptions->errorHandler(2, 'Undefined array...', 'C:\\xampp\\htdocs...', 52)
#1 C:\xampp\htdocs\pait\system\View\View.php(210): include('C:\\xampp\\htdocs...')
#2 C:\xampp\htdocs\pait\system\View\View.php(213): CodeIgniter\View\View->CodeIgniter\View\{closure}()
#3 C:\xampp\htdocs\pait\system\Common.php(1089): CodeIgniter\View\View->render('admin/soal', Array, true)
#4 C:\xampp\htdocs\pait\app\Controllers\Admin.php(100): view('admin/soal', Array)
#5 C:\xampp\htdocs\pait\system\CodeIgniter.php(832): App\Controllers\Admin->soal()
#6 C:\xampp\htdocs\pait\system\CodeIgniter.php(419): CodeIgniter\CodeIgniter->runController(Object(App\Controllers\Admin))
#7 C:\xampp\htdocs\pait\system\CodeIgniter.php(326): CodeIgniter\CodeIgniter->handleRequest(NULL, Object(Config\Cache), false)
#8 C:\xampp\htdocs\pait\public\index.php(37): CodeIgniter\CodeIgniter->run()
#9 C:\xampp\htdocs\pait\system\Commands\Server\rewrite.php(43): require_once('C:\\xampp\\htdocs...')
#10 {main}
CRITICAL - 2022-04-06 17:44:10 --> Class "App\Models\SoalMDL" not found
#0 C:\xampp\htdocs\pait\system\CodeIgniter.php(809): App\Controllers\Admin->__construct()
#1 C:\xampp\htdocs\pait\system\CodeIgniter.php(410): CodeIgniter\CodeIgniter->createController()
#2 C:\xampp\htdocs\pait\system\CodeIgniter.php(326): CodeIgniter\CodeIgniter->handleRequest(NULL, Object(Config\Cache), false)
#3 C:\xampp\htdocs\pait\public\index.php(37): CodeIgniter\CodeIgniter->run()
#4 C:\xampp\htdocs\pait\system\Commands\Server\rewrite.php(43): require_once('C:\\xampp\\htdocs...')
#5 {main}
CRITICAL - 2022-04-06 17:44:46 --> Class "App\Models\SoalMDL" not found
#0 C:\xampp\htdocs\pait\system\CodeIgniter.php(809): App\Controllers\Admin->__construct()
#1 C:\xampp\htdocs\pait\system\CodeIgniter.php(410): CodeIgniter\CodeIgniter->createController()
#2 C:\xampp\htdocs\pait\system\CodeIgniter.php(326): CodeIgniter\CodeIgniter->handleRequest(NULL, Object(Config\Cache), false)
#3 C:\xampp\htdocs\pait\public\index.php(37): CodeIgniter\CodeIgniter->run()
#4 C:\xampp\htdocs\pait\system\Commands\Server\rewrite.php(43): require_once('C:\\xampp\\htdocs...')
#5 {main}
CRITICAL - 2022-04-06 17:45:14 --> Call to undefined method App\Models\SoalMDL::searchMahasiswa
#0 C:\xampp\htdocs\pait\app\Controllers\Admin.php(91): CodeIgniter\Model->__call('searchMahasiswa', Array)
#1 C:\xampp\htdocs\pait\system\CodeIgniter.php(832): App\Controllers\Admin->soal()
#2 C:\xampp\htdocs\pait\system\CodeIgniter.php(419): CodeIgniter\CodeIgniter->runController(Object(App\Controllers\Admin))
#3 C:\xampp\htdocs\pait\system\CodeIgniter.php(326): CodeIgniter\CodeIgniter->handleRequest(NULL, Object(Config\Cache), false)
#4 C:\xampp\htdocs\pait\public\index.php(37): CodeIgniter\CodeIgniter->run()
#5 C:\xampp\htdocs\pait\system\Commands\Server\rewrite.php(43): require_once('C:\\xampp\\htdocs...')
#6 {main}
CRITICAL - 2022-04-06 17:50:12 --> Undefined array key "kategori_soal"
#0 C:\xampp\htdocs\pait\app\Views\admin\soal.php(52): CodeIgniter\Debug\Exceptions->errorHandler(2, 'Undefined array...', 'C:\\xampp\\htdocs...', 52)
#1 C:\xampp\htdocs\pait\system\View\View.php(210): include('C:\\xampp\\htdocs...')
#2 C:\xampp\htdocs\pait\system\View\View.php(213): CodeIgniter\View\View->CodeIgniter\View\{closure}()
#3 C:\xampp\htdocs\pait\system\Common.php(1089): CodeIgniter\View\View->render('admin/soal', Array, true)
#4 C:\xampp\htdocs\pait\app\Controllers\Admin.php(102): view('admin/soal', Array)
#5 C:\xampp\htdocs\pait\system\CodeIgniter.php(832): App\Controllers\Admin->soal()
#6 C:\xampp\htdocs\pait\system\CodeIgniter.php(419): CodeIgniter\CodeIgniter->runController(Object(App\Controllers\Admin))
#7 C:\xampp\htdocs\pait\system\CodeIgniter.php(326): CodeIgniter\CodeIgniter->handleRequest(NULL, Object(Config\Cache), false)
#8 C:\xampp\htdocs\pait\public\index.php(37): CodeIgniter\CodeIgniter->run()
#9 C:\xampp\htdocs\pait\system\Commands\Server\rewrite.php(43): require_once('C:\\xampp\\htdocs...')
#10 {main}
CRITICAL - 2022-04-06 17:51:35 --> Undefined array key "picture"
#0 C:\xampp\htdocs\pait\app\Views\admin\soal.php(53): CodeIgniter\Debug\Exceptions->errorHandler(2, 'Undefined array...', 'C:\\xampp\\htdocs...', 53)
#1 C:\xampp\htdocs\pait\system\View\View.php(210): include('C:\\xampp\\htdocs...')
#2 C:\xampp\htdocs\pait\system\View\View.php(213): CodeIgniter\View\View->CodeIgniter\View\{closure}()
#3 C:\xampp\htdocs\pait\system\Common.php(1089): CodeIgniter\View\View->render('admin/soal', Array, true)
#4 C:\xampp\htdocs\pait\app\Controllers\Admin.php(102): view('admin/soal', Array)
#5 C:\xampp\htdocs\pait\system\CodeIgniter.php(832): App\Controllers\Admin->soal()
#6 C:\xampp\htdocs\pait\system\CodeIgniter.php(419): CodeIgniter\CodeIgniter->runController(Object(App\Controllers\Admin))
#7 C:\xampp\htdocs\pait\system\CodeIgniter.php(326): CodeIgniter\CodeIgniter->handleRequest(NULL, Object(Config\Cache), false)
#8 C:\xampp\htdocs\pait\public\index.php(37): CodeIgniter\CodeIgniter->run()
#9 C:\xampp\htdocs\pait\system\Commands\Server\rewrite.php(43): require_once('C:\\xampp\\htdocs...')
#10 {main}
ERROR - 2022-04-06 17:56:32 --> Unknown column 'kategori_soal' in 'where clause'
CRITICAL - 2022-04-06 17:56:32 --> Unknown column 'kategori_soal' in 'where clause'
#0 C:\xampp\htdocs\pait\system\Database\MySQLi\Connection.php(292): mysqli->query('SELECT COUNT(*)...', 0)
#1 C:\xampp\htdocs\pait\system\Database\BaseConnection.php(670): CodeIgniter\Database\MySQLi\Connection->execute('SELECT COUNT(*)...')
#2 C:\xampp\htdocs\pait\system\Database\BaseConnection.php(598): CodeIgniter\Database\BaseConnection->simpleQuery('SELECT COUNT(*)...')
#3 C:\xampp\htdocs\pait\system\Database\BaseBuilder.php(1539): CodeIgniter\Database\BaseConnection->query('SELECT COUNT(*)...', Array, false)
#4 C:\xampp\htdocs\pait\system\Model.php(509): CodeIgniter\Database\BaseBuilder->countAllResults(false)
#5 C:\xampp\htdocs\pait\system\BaseModel.php(1084): CodeIgniter\Model->countAllResults(false)
#6 C:\xampp\htdocs\pait\app\Controllers\Admin.php(98): CodeIgniter\BaseModel->paginate(5, 'soal')
#7 C:\xampp\htdocs\pait\system\CodeIgniter.php(832): App\Controllers\Admin->soal()
#8 C:\xampp\htdocs\pait\system\CodeIgniter.php(419): CodeIgniter\CodeIgniter->runController(Object(App\Controllers\Admin))
#9 C:\xampp\htdocs\pait\system\CodeIgniter.php(326): CodeIgniter\CodeIgniter->handleRequest(NULL, Object(Config\Cache), false)
#10 C:\xampp\htdocs\pait\public\index.php(37): CodeIgniter\CodeIgniter->run()
#11 C:\xampp\htdocs\pait\system\Commands\Server\rewrite.php(43): require_once('C:\\xampp\\htdocs...')
#12 {main}
ERROR - 2022-04-06 18:03:48 --> Unknown column 'kategori_soal.user_id' in 'on clause'
CRITICAL - 2022-04-06 18:03:48 --> Unknown column 'kategori_soal.user_id' in 'on clause'
#0 C:\xampp\htdocs\pait\system\Database\MySQLi\Connection.php(292): mysqli->query('SELECT COUNT(*)...', 0)
#1 C:\xampp\htdocs\pait\system\Database\BaseConnection.php(670): CodeIgniter\Database\MySQLi\Connection->execute('SELECT COUNT(*)...')
#2 C:\xampp\htdocs\pait\system\Database\BaseConnection.php(598): CodeIgniter\Database\BaseConnection->simpleQuery('SELECT COUNT(*)...')
#3 C:\xampp\htdocs\pait\system\Database\BaseBuilder.php(1539): CodeIgniter\Database\BaseConnection->query('SELECT COUNT(*)...', Array, false)
#4 C:\xampp\htdocs\pait\system\Model.php(509): CodeIgniter\Database\BaseBuilder->countAllResults(false)
#5 C:\xampp\htdocs\pait\system\BaseModel.php(1084): CodeIgniter\Model->countAllResults(false)
#6 C:\xampp\htdocs\pait\app\Controllers\Admin.php(98): CodeIgniter\BaseModel->paginate(5, 'soal')
#7 C:\xampp\htdocs\pait\system\CodeIgniter.php(832): App\Controllers\Admin->soal()
#8 C:\xampp\htdocs\pait\system\CodeIgniter.php(419): CodeIgniter\CodeIgniter->runController(Object(App\Controllers\Admin))
#9 C:\xampp\htdocs\pait\system\CodeIgniter.php(326): CodeIgniter\CodeIgniter->handleRequest(NULL, Object(Config\Cache), false)
#10 C:\xampp\htdocs\pait\public\index.php(37): CodeIgniter\CodeIgniter->run()
#11 C:\xampp\htdocs\pait\system\Commands\Server\rewrite.php(43): require_once('C:\\xampp\\htdocs...')
#12 {main}
CRITICAL - 2022-04-06 18:06:22 --> Undefined array key "kategori_soal.name"
#0 C:\xampp\htdocs\pait\app\Views\admin\soal.php(52): CodeIgniter\Debug\Exceptions->errorHandler(2, 'Undefined array...', 'C:\\xampp\\htdocs...', 52)
#1 C:\xampp\htdocs\pait\system\View\View.php(210): include('C:\\xampp\\htdocs...')
#2 C:\xampp\htdocs\pait\system\View\View.php(213): CodeIgniter\View\View->CodeIgniter\View\{closure}()
#3 C:\xampp\htdocs\pait\system\Common.php(1089): CodeIgniter\View\View->render('admin/soal', Array, true)
#4 C:\xampp\htdocs\pait\app\Controllers\Admin.php(102): view('admin/soal', Array)
#5 C:\xampp\htdocs\pait\system\CodeIgniter.php(832): App\Controllers\Admin->soal()
#6 C:\xampp\htdocs\pait\system\CodeIgniter.php(419): CodeIgniter\CodeIgniter->runController(Object(App\Controllers\Admin))
#7 C:\xampp\htdocs\pait\system\CodeIgniter.php(326): CodeIgniter\CodeIgniter->handleRequest(NULL, Object(Config\Cache), false)
#8 C:\xampp\htdocs\pait\public\index.php(37): CodeIgniter\CodeIgniter->run()
#9 C:\xampp\htdocs\pait\system\Commands\Server\rewrite.php(43): require_once('C:\\xampp\\htdocs...')
#10 {main}
CRITICAL - 2022-04-06 19:22:12 --> Undefined variable $s
#0 C:\xampp\htdocs\pait\app\Views\admin\administrator.php(51): CodeIgniter\Debug\Exceptions->errorHandler(2, 'Undefined varia...', 'C:\\xampp\\htdocs...', 51)
#1 C:\xampp\htdocs\pait\system\View\View.php(210): include('C:\\xampp\\htdocs...')
#2 C:\xampp\htdocs\pait\system\View\View.php(213): CodeIgniter\View\View->CodeIgniter\View\{closure}()
#3 C:\xampp\htdocs\pait\system\Common.php(1089): CodeIgniter\View\View->render('admin/administr...', Array, true)
#4 C:\xampp\htdocs\pait\app\Controllers\Admin.php(52): view('admin/administr...', Array)
#5 C:\xampp\htdocs\pait\system\CodeIgniter.php(832): App\Controllers\Admin->user()
#6 C:\xampp\htdocs\pait\system\CodeIgniter.php(419): CodeIgniter\CodeIgniter->runController(Object(App\Controllers\Admin))
#7 C:\xampp\htdocs\pait\system\CodeIgniter.php(326): CodeIgniter\CodeIgniter->handleRequest(NULL, Object(Config\Cache), false)
#8 C:\xampp\htdocs\pait\public\index.php(37): CodeIgniter\CodeIgniter->run()
#9 C:\xampp\htdocs\pait\system\Commands\Server\rewrite.php(43): require_once('C:\\xampp\\htdocs...')
#10 {main}
CRITICAL - 2022-04-06 19:22:30 --> Undefined variable $s
#0 C:\xampp\htdocs\pait\app\Views\admin\administrator.php(51): CodeIgniter\Debug\Exceptions->errorHandler(2, 'Undefined varia...', 'C:\\xampp\\htdocs...', 51)
#1 C:\xampp\htdocs\pait\system\View\View.php(210): include('C:\\xampp\\htdocs...')
#2 C:\xampp\htdocs\pait\system\View\View.php(213): CodeIgniter\View\View->CodeIgniter\View\{closure}()
#3 C:\xampp\htdocs\pait\system\Common.php(1089): CodeIgniter\View\View->render('admin/administr...', Array, true)
#4 C:\xampp\htdocs\pait\app\Controllers\Admin.php(52): view('admin/administr...', Array)
#5 C:\xampp\htdocs\pait\system\CodeIgniter.php(832): App\Controllers\Admin->user()
#6 C:\xampp\htdocs\pait\system\CodeIgniter.php(419): CodeIgniter\CodeIgniter->runController(Object(App\Controllers\Admin))
#7 C:\xampp\htdocs\pait\system\CodeIgniter.php(326): CodeIgniter\CodeIgniter->handleRequest(NULL, Object(Config\Cache), false)
#8 C:\xampp\htdocs\pait\public\index.php(37): CodeIgniter\CodeIgniter->run()
#9 C:\xampp\htdocs\pait\system\Commands\Server\rewrite.php(43): require_once('C:\\xampp\\htdocs...')
#10 {main}
CRITICAL - 2022-04-06 19:22:34 --> Undefined variable $s
#0 C:\xampp\htdocs\pait\app\Views\admin\administrator.php(51): CodeIgniter\Debug\Exceptions->errorHandler(2, 'Undefined varia...', 'C:\\xampp\\htdocs...', 51)
#1 C:\xampp\htdocs\pait\system\View\View.php(210): include('C:\\xampp\\htdocs...')
#2 C:\xampp\htdocs\pait\system\View\View.php(213): CodeIgniter\View\View->CodeIgniter\View\{closure}()
#3 C:\xampp\htdocs\pait\system\Common.php(1089): CodeIgniter\View\View->render('admin/administr...', Array, true)
#4 C:\xampp\htdocs\pait\app\Controllers\Admin.php(52): view('admin/administr...', Array)
#5 C:\xampp\htdocs\pait\system\CodeIgniter.php(832): App\Controllers\Admin->user()
#6 C:\xampp\htdocs\pait\system\CodeIgniter.php(419): CodeIgniter\CodeIgniter->runController(Object(App\Controllers\Admin))
#7 C:\xampp\htdocs\pait\system\CodeIgniter.php(326): CodeIgniter\CodeIgniter->handleRequest(NULL, Object(Config\Cache), false)
#8 C:\xampp\htdocs\pait\public\index.php(37): CodeIgniter\CodeIgniter->run()
#9 C:\xampp\htdocs\pait\system\Commands\Server\rewrite.php(43): require_once('C:\\xampp\\htdocs...')
#10 {main}
CRITICAL - 2022-04-06 19:22:46 --> Undefined variable $usrs
#0 C:\xampp\htdocs\pait\app\Views\admin\administrator.php(51): CodeIgniter\Debug\Exceptions->errorHandler(2, 'Undefined varia...', 'C:\\xampp\\htdocs...', 51)
#1 C:\xampp\htdocs\pait\system\View\View.php(210): include('C:\\xampp\\htdocs...')
#2 C:\xampp\htdocs\pait\system\View\View.php(213): CodeIgniter\View\View->CodeIgniter\View\{closure}()
#3 C:\xampp\htdocs\pait\system\Common.php(1089): CodeIgniter\View\View->render('admin/administr...', Array, true)
#4 C:\xampp\htdocs\pait\app\Controllers\Admin.php(52): view('admin/administr...', Array)
#5 C:\xampp\htdocs\pait\system\CodeIgniter.php(832): App\Controllers\Admin->user()
#6 C:\xampp\htdocs\pait\system\CodeIgniter.php(419): CodeIgniter\CodeIgniter->runController(Object(App\Controllers\Admin))
#7 C:\xampp\htdocs\pait\system\CodeIgniter.php(326): CodeIgniter\CodeIgniter->handleRequest(NULL, Object(Config\Cache), false)
#8 C:\xampp\htdocs\pait\public\index.php(37): CodeIgniter\CodeIgniter->run()
#9 C:\xampp\htdocs\pait\system\Commands\Server\rewrite.php(43): require_once('C:\\xampp\\htdocs...')
#10 {main}
CRITICAL - 2022-04-06 19:36:38 --> Undefined array key "name"
#0 C:\xampp\htdocs\pait\app\Views\admin\dashboard.php(98): CodeIgniter\Debug\Exceptions->errorHandler(2, 'Undefined array...', 'C:\\xampp\\htdocs...', 98)
#1 C:\xampp\htdocs\pait\system\View\View.php(210): include('C:\\xampp\\htdocs...')
#2 C:\xampp\htdocs\pait\system\View\View.php(213): CodeIgniter\View\View->CodeIgniter\View\{closure}()
#3 C:\xampp\htdocs\pait\system\Common.php(1089): CodeIgniter\View\View->render('admin/dashboard', Array, true)
#4 C:\xampp\htdocs\pait\app\Controllers\Form.php(21): view('admin/dashboard', Array)
#5 C:\xampp\htdocs\pait\system\CodeIgniter.php(832): App\Controllers\Form->admin()
#6 C:\xampp\htdocs\pait\system\CodeIgniter.php(419): CodeIgniter\CodeIgniter->runController(Object(App\Controllers\Form))
#7 C:\xampp\htdocs\pait\system\CodeIgniter.php(326): CodeIgniter\CodeIgniter->handleRequest(NULL, Object(Config\Cache), false)
#8 C:\xampp\htdocs\pait\public\index.php(37): CodeIgniter\CodeIgniter->run()
#9 C:\xampp\htdocs\pait\system\Commands\Server\rewrite.php(43): require_once('C:\\xampp\\htdocs...')
#10 {main}
CRITICAL - 2022-04-06 19:38:57 --> Undefined array key "name"
#0 C:\xampp\htdocs\pait\app\Views\admin\dashboard.php(98): CodeIgniter\Debug\Exceptions->errorHandler(2, 'Undefined array...', 'C:\\xampp\\htdocs...', 98)
#1 C:\xampp\htdocs\pait\system\View\View.php(210): include('C:\\xampp\\htdocs...')
#2 C:\xampp\htdocs\pait\system\View\View.php(213): CodeIgniter\View\View->CodeIgniter\View\{closure}()
#3 C:\xampp\htdocs\pait\system\Common.php(1089): CodeIgniter\View\View->render('admin/dashboard', Array, true)
#4 C:\xampp\htdocs\pait\app\Controllers\Form.php(21): view('admin/dashboard', Array)
#5 C:\xampp\htdocs\pait\system\CodeIgniter.php(832): App\Controllers\Form->admin()
#6 C:\xampp\htdocs\pait\system\CodeIgniter.php(419): CodeIgniter\CodeIgniter->runController(Object(App\Controllers\Form))
#7 C:\xampp\htdocs\pait\system\CodeIgniter.php(326): CodeIgniter\CodeIgniter->handleRequest(NULL, Object(Config\Cache), false)
#8 C:\xampp\htdocs\pait\public\index.php(37): CodeIgniter\CodeIgniter->run()
#9 C:\xampp\htdocs\pait\system\Commands\Server\rewrite.php(43): require_once('C:\\xampp\\htdocs...')
#10 {main}
CRITICAL - 2022-04-06 19:42:42 --> Undefined variable $validation
#0 C:\xampp\htdocs\pait\app\Views\Form\administrator.php(34): CodeIgniter\Debug\Exceptions->errorHandler(2, 'Undefined varia...', 'C:\\xampp\\htdocs...', 34)
#1 C:\xampp\htdocs\pait\system\View\View.php(210): include('C:\\xampp\\htdocs...')
#2 C:\xampp\htdocs\pait\system\View\View.php(213): CodeIgniter\View\View->CodeIgniter\View\{closure}()
#3 C:\xampp\htdocs\pait\system\Common.php(1089): CodeIgniter\View\View->render('form/administra...', Array, true)
#4 C:\xampp\htdocs\pait\app\Controllers\Form.php(21): view('form/administra...', Array)
#5 C:\xampp\htdocs\pait\system\CodeIgniter.php(832): App\Controllers\Form->admin()
#6 C:\xampp\htdocs\pait\system\CodeIgniter.php(419): CodeIgniter\CodeIgniter->runController(Object(App\Controllers\Form))
#7 C:\xampp\htdocs\pait\system\CodeIgniter.php(326): CodeIgniter\CodeIgniter->handleRequest(NULL, Object(Config\Cache), false)
#8 C:\xampp\htdocs\pait\public\index.php(37): CodeIgniter\CodeIgniter->run()
#9 C:\xampp\htdocs\pait\system\Commands\Server\rewrite.php(43): require_once('C:\\xampp\\htdocs...')
#10 {main}
CRITICAL - 2022-04-06 19:43:51 --> Undefined variable $validation
#0 C:\xampp\htdocs\pait\app\Views\Form\administrator.php(34): CodeIgniter\Debug\Exceptions->errorHandler(2, 'Undefined varia...', 'C:\\xampp\\htdocs...', 34)
#1 C:\xampp\htdocs\pait\system\View\View.php(210): include('C:\\xampp\\htdocs...')
#2 C:\xampp\htdocs\pait\system\View\View.php(213): CodeIgniter\View\View->CodeIgniter\View\{closure}()
#3 C:\xampp\htdocs\pait\system\Common.php(1089): CodeIgniter\View\View->render('form/administra...', Array, true)
#4 C:\xampp\htdocs\pait\app\Controllers\Form.php(21): view('form/administra...', Array)
#5 C:\xampp\htdocs\pait\system\CodeIgniter.php(832): App\Controllers\Form->admin()
#6 C:\xampp\htdocs\pait\system\CodeIgniter.php(419): CodeIgniter\CodeIgniter->runController(Object(App\Controllers\Form))
#7 C:\xampp\htdocs\pait\system\CodeIgniter.php(326): CodeIgniter\CodeIgniter->handleRequest(NULL, Object(Config\Cache), false)
#8 C:\xampp\htdocs\pait\public\index.php(37): CodeIgniter\CodeIgniter->run()
#9 C:\xampp\htdocs\pait\system\Commands\Server\rewrite.php(43): require_once('C:\\xampp\\htdocs...')
#10 {main}
CRITICAL - 2022-04-06 19:55:15 --> Undefined variable $validation
#0 C:\xampp\htdocs\pait\app\Views\Form\administrator.php(46): CodeIgniter\Debug\Exceptions->errorHandler(2, 'Undefined varia...', 'C:\\xampp\\htdocs...', 46)
#1 C:\xampp\htdocs\pait\system\View\View.php(210): include('C:\\xampp\\htdocs...')
#2 C:\xampp\htdocs\pait\system\View\View.php(213): CodeIgniter\View\View->CodeIgniter\View\{closure}()
#3 C:\xampp\htdocs\pait\system\Common.php(1089): CodeIgniter\View\View->render('form/administra...', Array, true)
#4 C:\xampp\htdocs\pait\app\Controllers\Form.php(21): view('form/administra...', Array)
#5 C:\xampp\htdocs\pait\system\CodeIgniter.php(832): App\Controllers\Form->admin()
#6 C:\xampp\htdocs\pait\system\CodeIgniter.php(419): CodeIgniter\CodeIgniter->runController(Object(App\Controllers\Form))
#7 C:\xampp\htdocs\pait\system\CodeIgniter.php(326): CodeIgniter\CodeIgniter->handleRequest(NULL, Object(Config\Cache), false)
#8 C:\xampp\htdocs\pait\public\index.php(37): CodeIgniter\CodeIgniter->run()
#9 C:\xampp\htdocs\pait\system\Commands\Server\rewrite.php(43): require_once('C:\\xampp\\htdocs...')
#10 {main}
CRITICAL - 2022-04-06 21:12:25 --> Undefined array key "name"
#0 C:\xampp\htdocs\pait\app\Models\ChartPieMDL.php(44): CodeIgniter\Debug\Exceptions->errorHandler(2, 'Undefined array...', 'C:\\xampp\\htdocs...', 44)
#1 C:\xampp\htdocs\pait\app\Controllers\Admin.php(25): App\Models\ChartPieMDL->getLabelSoal()
#2 C:\xampp\htdocs\pait\system\CodeIgniter.php(832): App\Controllers\Admin->index()
#3 C:\xampp\htdocs\pait\system\CodeIgniter.php(419): CodeIgniter\CodeIgniter->runController(Object(App\Controllers\Admin))
#4 C:\xampp\htdocs\pait\system\CodeIgniter.php(326): CodeIgniter\CodeIgniter->handleRequest(NULL, Object(Config\Cache), false)
#5 C:\xampp\htdocs\pait\public\index.php(37): CodeIgniter\CodeIgniter->run()
#6 C:\xampp\htdocs\pait\system\Commands\Server\rewrite.php(43): require_once('C:\\xampp\\htdocs...')
#7 {main}
CRITICAL - 2022-04-06 21:12:59 --> Undefined array key "name"
#0 C:\xampp\htdocs\pait\app\Models\ChartPieMDL.php(44): CodeIgniter\Debug\Exceptions->errorHandler(2, 'Undefined array...', 'C:\\xampp\\htdocs...', 44)
#1 C:\xampp\htdocs\pait\app\Controllers\Admin.php(25): App\Models\ChartPieMDL->getLabelSoal()
#2 C:\xampp\htdocs\pait\system\CodeIgniter.php(832): App\Controllers\Admin->index()
#3 C:\xampp\htdocs\pait\system\CodeIgniter.php(419): CodeIgniter\CodeIgniter->runController(Object(App\Controllers\Admin))
#4 C:\xampp\htdocs\pait\system\CodeIgniter.php(326): CodeIgniter\CodeIgniter->handleRequest(NULL, Object(Config\Cache), false)
#5 C:\xampp\htdocs\pait\public\index.php(37): CodeIgniter\CodeIgniter->run()
#6 C:\xampp\htdocs\pait\system\Commands\Server\rewrite.php(43): require_once('C:\\xampp\\htdocs...')
#7 {main}
CRITICAL - 2022-04-06 21:15:39 --> Undefined array key "name"
#0 C:\xampp\htdocs\pait\app\Views\admin\dashboard.php(98): CodeIgniter\Debug\Exceptions->errorHandler(2, 'Undefined array...', 'C:\\xampp\\htdocs...', 98)
#1 C:\xampp\htdocs\pait\system\View\View.php(210): include('C:\\xampp\\htdocs...')
#2 C:\xampp\htdocs\pait\system\View\View.php(213): CodeIgniter\View\View->CodeIgniter\View\{closure}()
#3 C:\xampp\htdocs\pait\system\Common.php(1089): CodeIgniter\View\View->render('admin/dashboard', Array, true)
#4 C:\xampp\htdocs\pait\app\Controllers\Admin.php(27): view('admin/dashboard', Array)
#5 C:\xampp\htdocs\pait\system\CodeIgniter.php(832): App\Controllers\Admin->index()
#6 C:\xampp\htdocs\pait\system\CodeIgniter.php(419): CodeIgniter\CodeIgniter->runController(Object(App\Controllers\Admin))
#7 C:\xampp\htdocs\pait\system\CodeIgniter.php(326): CodeIgniter\CodeIgniter->handleRequest(NULL, Object(Config\Cache), false)
#8 C:\xampp\htdocs\pait\public\index.php(37): CodeIgniter\CodeIgniter->run()
#9 C:\xampp\htdocs\pait\system\Commands\Server\rewrite.php(43): require_once('C:\\xampp\\htdocs...')
#10 {main}
CRITICAL - 2022-04-06 21:16:28 --> Undefined array key "name"
#0 C:\xampp\htdocs\pait\app\Views\admin\dashboard.php(103): CodeIgniter\Debug\Exceptions->errorHandler(2, 'Undefined array...', 'C:\\xampp\\htdocs...', 103)
#1 C:\xampp\htdocs\pait\system\View\View.php(210): include('C:\\xampp\\htdocs...')
#2 C:\xampp\htdocs\pait\system\View\View.php(213): CodeIgniter\View\View->CodeIgniter\View\{closure}()
#3 C:\xampp\htdocs\pait\system\Common.php(1089): CodeIgniter\View\View->render('admin/dashboard', Array, true)
#4 C:\xampp\htdocs\pait\app\Controllers\Admin.php(27): view('admin/dashboard', Array)
#5 C:\xampp\htdocs\pait\system\CodeIgniter.php(832): App\Controllers\Admin->index()
#6 C:\xampp\htdocs\pait\system\CodeIgniter.php(419): CodeIgniter\CodeIgniter->runController(Object(App\Controllers\Admin))
#7 C:\xampp\htdocs\pait\system\CodeIgniter.php(326): CodeIgniter\CodeIgniter->handleRequest(NULL, Object(Config\Cache), false)
#8 C:\xampp\htdocs\pait\public\index.php(37): CodeIgniter\CodeIgniter->run()
#9 C:\xampp\htdocs\pait\system\Commands\Server\rewrite.php(43): require_once('C:\\xampp\\htdocs...')
#10 {main}
