CRITICAL - 2022-04-23 23:09:27 --> Undefined variable $labelChart
#0 C:\xampp\htdocs\pait\app\Views\template\dashboard-exercise.php(138): CodeIgniter\Debug\Exceptions->errorHandler(2, 'Undefined varia...', 'C:\\xampp\\htdocs...', 138)
#1 C:\xampp\htdocs\pait\system\View\View.php(210): include('C:\\xampp\\htdocs...')
#2 C:\xampp\htdocs\pait\system\View\View.php(213): CodeIgniter\View\View->CodeIgniter\View\{closure}()
#3 C:\xampp\htdocs\pait\system\View\View.php(226): CodeIgniter\View\View->render('template/dashbo...', Array, true)
#4 C:\xampp\htdocs\pait\system\Common.php(1089): CodeIgniter\View\View->render('belajar/start', Array, true)
#5 C:\xampp\htdocs\pait\app\Controllers\Belajar.php(24): view('belajar/start', Array)
#6 C:\xampp\htdocs\pait\system\CodeIgniter.php(832): App\Controllers\Belajar->index()
#7 C:\xampp\htdocs\pait\system\CodeIgniter.php(419): CodeIgniter\CodeIgniter->runController(Object(App\Controllers\Belajar))
#8 C:\xampp\htdocs\pait\system\CodeIgniter.php(326): CodeIgniter\CodeIgniter->handleRequest(NULL, Object(Config\Cache), false)
#9 C:\xampp\htdocs\pait\public\index.php(37): CodeIgniter\CodeIgniter->run()
#10 C:\xampp\htdocs\pait\system\Commands\Server\rewrite.php(43): require_once('C:\\xampp\\htdocs...')
#11 {main}
CRITICAL - 2022-04-23 23:13:19 --> Undefined variable $labelChart
#0 C:\xampp\htdocs\pait\app\Views\template\dashboard-belajar.php(138): CodeIgniter\Debug\Exceptions->errorHandler(2, 'Undefined varia...', 'C:\\xampp\\htdocs...', 138)
#1 C:\xampp\htdocs\pait\system\View\View.php(210): include('C:\\xampp\\htdocs...')
#2 C:\xampp\htdocs\pait\system\View\View.php(213): CodeIgniter\View\View->CodeIgniter\View\{closure}()
#3 C:\xampp\htdocs\pait\system\View\View.php(226): CodeIgniter\View\View->render('template/dashbo...', Array, true)
#4 C:\xampp\htdocs\pait\system\Common.php(1089): CodeIgniter\View\View->render('belajar/start', Array, true)
#5 C:\xampp\htdocs\pait\app\Controllers\Belajar.php(24): view('belajar/start', Array)
#6 C:\xampp\htdocs\pait\system\CodeIgniter.php(832): App\Controllers\Belajar->index()
#7 C:\xampp\htdocs\pait\system\CodeIgniter.php(419): CodeIgniter\CodeIgniter->runController(Object(App\Controllers\Belajar))
#8 C:\xampp\htdocs\pait\system\CodeIgniter.php(326): CodeIgniter\CodeIgniter->handleRequest(NULL, Object(Config\Cache), false)
#9 C:\xampp\htdocs\pait\public\index.php(37): CodeIgniter\CodeIgniter->run()
#10 C:\xampp\htdocs\pait\system\Commands\Server\rewrite.php(43): require_once('C:\\xampp\\htdocs...')
#11 {main}
CRITICAL - 2022-04-23 23:13:29 --> Undefined variable $labelChart
#0 C:\xampp\htdocs\pait\app\Views\template\dashboard-belajar.php(138): CodeIgniter\Debug\Exceptions->errorHandler(2, 'Undefined varia...', 'C:\\xampp\\htdocs...', 138)
#1 C:\xampp\htdocs\pait\system\View\View.php(210): include('C:\\xampp\\htdocs...')
#2 C:\xampp\htdocs\pait\system\View\View.php(213): CodeIgniter\View\View->CodeIgniter\View\{closure}()
#3 C:\xampp\htdocs\pait\system\View\View.php(226): CodeIgniter\View\View->render('template/dashbo...', Array, true)
#4 C:\xampp\htdocs\pait\system\Common.php(1089): CodeIgniter\View\View->render('belajar/start', Array, true)
#5 C:\xampp\htdocs\pait\app\Controllers\Belajar.php(24): view('belajar/start', Array)
#6 C:\xampp\htdocs\pait\system\CodeIgniter.php(832): App\Controllers\Belajar->index()
#7 C:\xampp\htdocs\pait\system\CodeIgniter.php(419): CodeIgniter\CodeIgniter->runController(Object(App\Controllers\Belajar))
#8 C:\xampp\htdocs\pait\system\CodeIgniter.php(326): CodeIgniter\CodeIgniter->handleRequest(NULL, Object(Config\Cache), false)
#9 C:\xampp\htdocs\pait\public\index.php(37): CodeIgniter\CodeIgniter->run()
#10 C:\xampp\htdocs\pait\system\Commands\Server\rewrite.php(43): require_once('C:\\xampp\\htdocs...')
#11 {main}
CRITICAL - 2022-04-23 23:14:01 --> Undefined variable $labelChart
#0 C:\xampp\htdocs\pait\app\Views\template\dashboard-belajar.php(137): CodeIgniter\Debug\Exceptions->errorHandler(2, 'Undefined varia...', 'C:\\xampp\\htdocs...', 137)
#1 C:\xampp\htdocs\pait\system\View\View.php(210): include('C:\\xampp\\htdocs...')
#2 C:\xampp\htdocs\pait\system\View\View.php(213): CodeIgniter\View\View->CodeIgniter\View\{closure}()
#3 C:\xampp\htdocs\pait\system\View\View.php(226): CodeIgniter\View\View->render('template/dashbo...', Array, true)
#4 C:\xampp\htdocs\pait\system\Common.php(1089): CodeIgniter\View\View->render('belajar/start', Array, true)
#5 C:\xampp\htdocs\pait\app\Controllers\Belajar.php(24): view('belajar/start', Array)
#6 C:\xampp\htdocs\pait\system\CodeIgniter.php(832): App\Controllers\Belajar->index()
#7 C:\xampp\htdocs\pait\system\CodeIgniter.php(419): CodeIgniter\CodeIgniter->runController(Object(App\Controllers\Belajar))
#8 C:\xampp\htdocs\pait\system\CodeIgniter.php(326): CodeIgniter\CodeIgniter->handleRequest(NULL, Object(Config\Cache), false)
#9 C:\xampp\htdocs\pait\public\index.php(37): CodeIgniter\CodeIgniter->run()
#10 C:\xampp\htdocs\pait\system\Commands\Server\rewrite.php(43): require_once('C:\\xampp\\htdocs...')
#11 {main}
CRITICAL - 2022-04-23 23:14:08 --> Undefined variable $labelChart
#0 C:\xampp\htdocs\pait\app\Views\template\dashboard-belajar.php(137): CodeIgniter\Debug\Exceptions->errorHandler(2, 'Undefined varia...', 'C:\\xampp\\htdocs...', 137)
#1 C:\xampp\htdocs\pait\system\View\View.php(210): include('C:\\xampp\\htdocs...')
#2 C:\xampp\htdocs\pait\system\View\View.php(213): CodeIgniter\View\View->CodeIgniter\View\{closure}()
#3 C:\xampp\htdocs\pait\system\View\View.php(226): CodeIgniter\View\View->render('template/dashbo...', Array, true)
#4 C:\xampp\htdocs\pait\system\Common.php(1089): CodeIgniter\View\View->render('belajar/start', Array, true)
#5 C:\xampp\htdocs\pait\app\Controllers\Belajar.php(24): view('belajar/start', Array)
#6 C:\xampp\htdocs\pait\system\CodeIgniter.php(832): App\Controllers\Belajar->index()
#7 C:\xampp\htdocs\pait\system\CodeIgniter.php(419): CodeIgniter\CodeIgniter->runController(Object(App\Controllers\Belajar))
#8 C:\xampp\htdocs\pait\system\CodeIgniter.php(326): CodeIgniter\CodeIgniter->handleRequest(NULL, Object(Config\Cache), false)
#9 C:\xampp\htdocs\pait\public\index.php(37): CodeIgniter\CodeIgniter->run()
#10 C:\xampp\htdocs\pait\system\Commands\Server\rewrite.php(43): require_once('C:\\xampp\\htdocs...')
#11 {main}
CRITICAL - 2022-04-23 23:14:11 --> Undefined variable $labelChart
#0 C:\xampp\htdocs\pait\app\Views\template\dashboard-belajar.php(137): CodeIgniter\Debug\Exceptions->errorHandler(2, 'Undefined varia...', 'C:\\xampp\\htdocs...', 137)
#1 C:\xampp\htdocs\pait\system\View\View.php(210): include('C:\\xampp\\htdocs...')
#2 C:\xampp\htdocs\pait\system\View\View.php(213): CodeIgniter\View\View->CodeIgniter\View\{closure}()
#3 C:\xampp\htdocs\pait\system\View\View.php(226): CodeIgniter\View\View->render('template/dashbo...', Array, true)
#4 C:\xampp\htdocs\pait\system\Common.php(1089): CodeIgniter\View\View->render('belajar/start', Array, true)
#5 C:\xampp\htdocs\pait\app\Controllers\Belajar.php(24): view('belajar/start', Array)
#6 C:\xampp\htdocs\pait\system\CodeIgniter.php(832): App\Controllers\Belajar->index()
#7 C:\xampp\htdocs\pait\system\CodeIgniter.php(419): CodeIgniter\CodeIgniter->runController(Object(App\Controllers\Belajar))
#8 C:\xampp\htdocs\pait\system\CodeIgniter.php(326): CodeIgniter\CodeIgniter->handleRequest(NULL, Object(Config\Cache), false)
#9 C:\xampp\htdocs\pait\public\index.php(37): CodeIgniter\CodeIgniter->run()
#10 C:\xampp\htdocs\pait\system\Commands\Server\rewrite.php(43): require_once('C:\\xampp\\htdocs...')
#11 {main}
CRITICAL - 2022-04-23 23:14:25 --> Undefined variable $labelChart
#0 C:\xampp\htdocs\pait\app\Views\template\dashboard-belajar.php(137): CodeIgniter\Debug\Exceptions->errorHandler(2, 'Undefined varia...', 'C:\\xampp\\htdocs...', 137)
#1 C:\xampp\htdocs\pait\system\View\View.php(210): include('C:\\xampp\\htdocs...')
#2 C:\xampp\htdocs\pait\system\View\View.php(213): CodeIgniter\View\View->CodeIgniter\View\{closure}()
#3 C:\xampp\htdocs\pait\system\View\View.php(226): CodeIgniter\View\View->render('template/dashbo...', Array, true)
#4 C:\xampp\htdocs\pait\system\Common.php(1089): CodeIgniter\View\View->render('belajar/start', Array, true)
#5 C:\xampp\htdocs\pait\app\Controllers\Belajar.php(24): view('belajar/start', Array)
#6 C:\xampp\htdocs\pait\system\CodeIgniter.php(832): App\Controllers\Belajar->index()
#7 C:\xampp\htdocs\pait\system\CodeIgniter.php(419): CodeIgniter\CodeIgniter->runController(Object(App\Controllers\Belajar))
#8 C:\xampp\htdocs\pait\system\CodeIgniter.php(326): CodeIgniter\CodeIgniter->handleRequest(NULL, Object(Config\Cache), false)
#9 C:\xampp\htdocs\pait\public\index.php(37): CodeIgniter\CodeIgniter->run()
#10 C:\xampp\htdocs\pait\system\Commands\Server\rewrite.php(43): require_once('C:\\xampp\\htdocs...')
#11 {main}
CRITICAL - 2022-04-23 23:18:21 --> Undefined variable $labelChart
#0 C:\xampp\htdocs\pait\app\Views\template\dashboard-exercise.php(138): CodeIgniter\Debug\Exceptions->errorHandler(2, 'Undefined varia...', 'C:\\xampp\\htdocs...', 138)
#1 C:\xampp\htdocs\pait\system\View\View.php(210): include('C:\\xampp\\htdocs...')
#2 C:\xampp\htdocs\pait\system\View\View.php(213): CodeIgniter\View\View->CodeIgniter\View\{closure}()
#3 C:\xampp\htdocs\pait\system\View\View.php(226): CodeIgniter\View\View->render('template/dashbo...', Array, true)
#4 C:\xampp\htdocs\pait\system\Common.php(1089): CodeIgniter\View\View->render('belajar/start', Array, true)
#5 C:\xampp\htdocs\pait\app\Controllers\Belajar.php(24): view('belajar/start', Array)
#6 C:\xampp\htdocs\pait\system\CodeIgniter.php(832): App\Controllers\Belajar->index()
#7 C:\xampp\htdocs\pait\system\CodeIgniter.php(419): CodeIgniter\CodeIgniter->runController(Object(App\Controllers\Belajar))
#8 C:\xampp\htdocs\pait\system\CodeIgniter.php(326): CodeIgniter\CodeIgniter->handleRequest(NULL, Object(Config\Cache), false)
#9 C:\xampp\htdocs\pait\public\index.php(37): CodeIgniter\CodeIgniter->run()
#10 C:\xampp\htdocs\pait\system\Commands\Server\rewrite.php(43): require_once('C:\\xampp\\htdocs...')
#11 {main}
CRITICAL - 2022-04-23 23:30:23 --> Undefined variable $labelChart
#0 C:\xampp\htdocs\pait\app\Views\template\dashboard-exercise.php(138): CodeIgniter\Debug\Exceptions->errorHandler(2, 'Undefined varia...', 'C:\\xampp\\htdocs...', 138)
#1 C:\xampp\htdocs\pait\system\View\View.php(210): include('C:\\xampp\\htdocs...')
#2 C:\xampp\htdocs\pait\system\View\View.php(213): CodeIgniter\View\View->CodeIgniter\View\{closure}()
#3 C:\xampp\htdocs\pait\system\View\View.php(226): CodeIgniter\View\View->render('template/dashbo...', Array, true)
#4 C:\xampp\htdocs\pait\system\Common.php(1089): CodeIgniter\View\View->render('belajar/start', Array, true)
#5 C:\xampp\htdocs\pait\app\Controllers\Belajar.php(24): view('belajar/start', Array)
#6 C:\xampp\htdocs\pait\system\CodeIgniter.php(832): App\Controllers\Belajar->index()
#7 C:\xampp\htdocs\pait\system\CodeIgniter.php(419): CodeIgniter\CodeIgniter->runController(Object(App\Controllers\Belajar))
#8 C:\xampp\htdocs\pait\system\CodeIgniter.php(326): CodeIgniter\CodeIgniter->handleRequest(NULL, Object(Config\Cache), false)
#9 C:\xampp\htdocs\pait\public\index.php(37): CodeIgniter\CodeIgniter->run()
#10 C:\xampp\htdocs\pait\system\Commands\Server\rewrite.php(43): require_once('C:\\xampp\\htdocs...')
#11 {main}
CRITICAL - 2022-04-23 23:30:34 --> Undefined variable $labelChart
#0 C:\xampp\htdocs\pait\app\Views\template\dashboard-exercise.php(138): CodeIgniter\Debug\Exceptions->errorHandler(2, 'Undefined varia...', 'C:\\xampp\\htdocs...', 138)
#1 C:\xampp\htdocs\pait\system\View\View.php(210): include('C:\\xampp\\htdocs...')
#2 C:\xampp\htdocs\pait\system\View\View.php(213): CodeIgniter\View\View->CodeIgniter\View\{closure}()
#3 C:\xampp\htdocs\pait\system\View\View.php(226): CodeIgniter\View\View->render('template/dashbo...', Array, true)
#4 C:\xampp\htdocs\pait\system\Common.php(1089): CodeIgniter\View\View->render('belajar/start', Array, true)
#5 C:\xampp\htdocs\pait\app\Controllers\Belajar.php(24): view('belajar/start', Array)
#6 C:\xampp\htdocs\pait\system\CodeIgniter.php(832): App\Controllers\Belajar->index()
#7 C:\xampp\htdocs\pait\system\CodeIgniter.php(419): CodeIgniter\CodeIgniter->runController(Object(App\Controllers\Belajar))
#8 C:\xampp\htdocs\pait\system\CodeIgniter.php(326): CodeIgniter\CodeIgniter->handleRequest(NULL, Object(Config\Cache), false)
#9 C:\xampp\htdocs\pait\public\index.php(37): CodeIgniter\CodeIgniter->run()
#10 C:\xampp\htdocs\pait\system\Commands\Server\rewrite.php(43): require_once('C:\\xampp\\htdocs...')
#11 {main}
CRITICAL - 2022-04-23 13:36:30 --> syntax error, unexpected token ";", expecting ")"
#0 C:\xampp\htdocs\pait\system\Autoloader\Autoloader.php(241): CodeIgniter\Autoloader\Autoloader->includeFile('C:\\xampp\\htdocs...')
#1 C:\xampp\htdocs\pait\system\Autoloader\Autoloader.php(219): CodeIgniter\Autoloader\Autoloader->loadInNamespace('App\\Models\\Lati...')
#2 C:\xampp\htdocs\pait\app\Controllers\Profile.php(17): CodeIgniter\Autoloader\Autoloader->loadClass('App\\Models\\Lati...')
#3 C:\xampp\htdocs\pait\system\CodeIgniter.php(809): App\Controllers\Profile->__construct()
#4 C:\xampp\htdocs\pait\system\CodeIgniter.php(410): CodeIgniter\CodeIgniter->createController()
#5 C:\xampp\htdocs\pait\system\CodeIgniter.php(326): CodeIgniter\CodeIgniter->handleRequest(NULL, Object(Config\Cache), false)
#6 C:\xampp\htdocs\pait\public\index.php(37): CodeIgniter\CodeIgniter->run()
#7 C:\xampp\htdocs\pait\system\Commands\Server\rewrite.php(43): require_once('C:\\xampp\\htdocs...')
#8 {main}
