CRITICAL - 2022-04-21 16:29:21 --> Invalid file: form/relogin-latihan.php
#0 C:\xampp\htdocs\pait\system\View\View.php(198): CodeIgniter\Exceptions\FrameworkException::forInvalidFile('form/relogin-la...')
#1 C:\xampp\htdocs\pait\system\Common.php(1089): CodeIgniter\View\View->render('form/relogin-la...', Array, true)
#2 C:\xampp\htdocs\pait\app\Controllers\Admin.php(187): view('form/relogin-la...', Array)
#3 C:\xampp\htdocs\pait\system\CodeIgniter.php(832): App\Controllers\Admin->login()
#4 C:\xampp\htdocs\pait\system\CodeIgniter.php(419): CodeIgniter\CodeIgniter->runController(Object(App\Controllers\Admin))
#5 C:\xampp\htdocs\pait\system\CodeIgniter.php(326): CodeIgniter\CodeIgniter->handleRequest(NULL, Object(Config\Cache), false)
#6 C:\xampp\htdocs\pait\public\index.php(37): CodeIgniter\CodeIgniter->run()
#7 C:\xampp\htdocs\pait\system\Commands\Server\rewrite.php(43): require_once('C:\\xampp\\htdocs...')
#8 {main}
CRITICAL - 2022-04-21 17:49:52 --> Undefined property: App\Controllers\Exercise::$loginModel
#0 C:\xampp\htdocs\pait\app\Controllers\Exercise.php(100): CodeIgniter\Debug\Exceptions->errorHandler(2, 'Undefined prope...', 'C:\\xampp\\htdocs...', 100)
#1 C:\xampp\htdocs\pait\system\CodeIgniter.php(832): App\Controllers\Exercise->login()
#2 C:\xampp\htdocs\pait\system\CodeIgniter.php(419): CodeIgniter\CodeIgniter->runController(Object(App\Controllers\Exercise))
#3 C:\xampp\htdocs\pait\system\CodeIgniter.php(326): CodeIgniter\CodeIgniter->handleRequest(NULL, Object(Config\Cache), false)
#4 C:\xampp\htdocs\pait\public\index.php(37): CodeIgniter\CodeIgniter->run()
#5 C:\xampp\htdocs\pait\system\Commands\Server\rewrite.php(43): require_once('C:\\xampp\\htdocs...')
#6 {main}
CRITICAL - 2022-04-21 19:17:56 --> Undefined variable $soal
#0 C:\xampp\htdocs\pait\app\Views\exercise\latihan.php(12): CodeIgniter\Debug\Exceptions->errorHandler(2, 'Undefined varia...', 'C:\\xampp\\htdocs...', 12)
#1 C:\xampp\htdocs\pait\system\View\View.php(210): include('C:\\xampp\\htdocs...')
#2 C:\xampp\htdocs\pait\system\View\View.php(213): CodeIgniter\View\View->CodeIgniter\View\{closure}()
#3 C:\xampp\htdocs\pait\system\Common.php(1089): CodeIgniter\View\View->render('exercise/latiha...', Array, true)
#4 C:\xampp\htdocs\pait\app\Controllers\Exercise.php(38): view('exercise/latiha...')
#5 C:\xampp\htdocs\pait\system\CodeIgniter.php(832): App\Controllers\Exercise->index('latihan')
#6 C:\xampp\htdocs\pait\system\CodeIgniter.php(419): CodeIgniter\CodeIgniter->runController(Object(App\Controllers\Exercise))
#7 C:\xampp\htdocs\pait\system\CodeIgniter.php(326): CodeIgniter\CodeIgniter->handleRequest(NULL, Object(Config\Cache), false)
#8 C:\xampp\htdocs\pait\public\index.php(37): CodeIgniter\CodeIgniter->run()
#9 C:\xampp\htdocs\pait\system\Commands\Server\rewrite.php(43): require_once('C:\\xampp\\htdocs...')
#10 {main}
CRITICAL - 2022-04-21 08:18:47 --> syntax error, unexpected token ";", expecting ")"
#0 C:\xampp\htdocs\pait\system\Autoloader\Autoloader.php(241): CodeIgniter\Autoloader\Autoloader->includeFile('C:\\xampp\\htdocs...')
#1 C:\xampp\htdocs\pait\system\Autoloader\Autoloader.php(219): CodeIgniter\Autoloader\Autoloader->loadInNamespace('App\\Controllers...')
#2 [internal function]: CodeIgniter\Autoloader\Autoloader->loadClass('App\\Controllers...')
#3 C:\xampp\htdocs\pait\system\CodeIgniter.php(797): class_exists('\\App\\Controller...', true)
#4 C:\xampp\htdocs\pait\system\CodeIgniter.php(406): CodeIgniter\CodeIgniter->startController()
#5 C:\xampp\htdocs\pait\system\CodeIgniter.php(326): CodeIgniter\CodeIgniter->handleRequest(NULL, Object(Config\Cache), false)
#6 C:\xampp\htdocs\pait\public\index.php(37): CodeIgniter\CodeIgniter->run()
#7 C:\xampp\htdocs\pait\system\Commands\Server\rewrite.php(43): require_once('C:\\xampp\\htdocs...')
#8 {main}
CRITICAL - 2022-04-21 21:13:27 --> Undefined variable $benar
#0 C:\xampp\htdocs\pait\app\Views\exercise\dashboard.php(31): CodeIgniter\Debug\Exceptions->errorHandler(2, 'Undefined varia...', 'C:\\xampp\\htdocs...', 31)
#1 C:\xampp\htdocs\pait\system\View\View.php(210): include('C:\\xampp\\htdocs...')
#2 C:\xampp\htdocs\pait\system\View\View.php(213): CodeIgniter\View\View->CodeIgniter\View\{closure}()
#3 C:\xampp\htdocs\pait\system\Common.php(1089): CodeIgniter\View\View->render('exercise/dashbo...', Array, true)
#4 C:\xampp\htdocs\pait\app\Controllers\Exercise.php(133): view('exercise/dashbo...', Array)
#5 C:\xampp\htdocs\pait\system\CodeIgniter.php(832): App\Controllers\Exercise->dashboard()
#6 C:\xampp\htdocs\pait\system\CodeIgniter.php(419): CodeIgniter\CodeIgniter->runController(Object(App\Controllers\Exercise))
#7 C:\xampp\htdocs\pait\system\CodeIgniter.php(326): CodeIgniter\CodeIgniter->handleRequest(NULL, Object(Config\Cache), false)
#8 C:\xampp\htdocs\pait\public\index.php(37): CodeIgniter\CodeIgniter->run()
#9 C:\xampp\htdocs\pait\system\Commands\Server\rewrite.php(43): require_once('C:\\xampp\\htdocs...')
#10 {main}
CRITICAL - 2022-04-21 21:23:25 --> Division by zero
#0 C:\xampp\htdocs\pait\system\CodeIgniter.php(832): App\Controllers\Exercise->dashboard()
#1 C:\xampp\htdocs\pait\system\CodeIgniter.php(419): CodeIgniter\CodeIgniter->runController(Object(App\Controllers\Exercise))
#2 C:\xampp\htdocs\pait\system\CodeIgniter.php(326): CodeIgniter\CodeIgniter->handleRequest(NULL, Object(Config\Cache), false)
#3 C:\xampp\htdocs\pait\public\index.php(37): CodeIgniter\CodeIgniter->run()
#4 C:\xampp\htdocs\pait\system\Commands\Server\rewrite.php(43): require_once('C:\\xampp\\htdocs...')
#5 {main}
CRITICAL - 2022-04-21 21:28:28 --> Undefined variable $persenBenar
#0 C:\xampp\htdocs\pait\app\Controllers\Exercise.php(141): CodeIgniter\Debug\Exceptions->errorHandler(2, 'Undefined varia...', 'C:\\xampp\\htdocs...', 141)
#1 C:\xampp\htdocs\pait\system\CodeIgniter.php(832): App\Controllers\Exercise->dashboard()
#2 C:\xampp\htdocs\pait\system\CodeIgniter.php(419): CodeIgniter\CodeIgniter->runController(Object(App\Controllers\Exercise))
#3 C:\xampp\htdocs\pait\system\CodeIgniter.php(326): CodeIgniter\CodeIgniter->handleRequest(NULL, Object(Config\Cache), false)
#4 C:\xampp\htdocs\pait\public\index.php(37): CodeIgniter\CodeIgniter->run()
#5 C:\xampp\htdocs\pait\system\Commands\Server\rewrite.php(43): require_once('C:\\xampp\\htdocs...')
#6 {main}
CRITICAL - 2022-04-21 21:29:04 --> Undefined variable $persenBenar
#0 C:\xampp\htdocs\pait\app\Controllers\Exercise.php(141): CodeIgniter\Debug\Exceptions->errorHandler(2, 'Undefined varia...', 'C:\\xampp\\htdocs...', 141)
#1 C:\xampp\htdocs\pait\system\CodeIgniter.php(832): App\Controllers\Exercise->dashboard()
#2 C:\xampp\htdocs\pait\system\CodeIgniter.php(419): CodeIgniter\CodeIgniter->runController(Object(App\Controllers\Exercise))
#3 C:\xampp\htdocs\pait\system\CodeIgniter.php(326): CodeIgniter\CodeIgniter->handleRequest(NULL, Object(Config\Cache), false)
#4 C:\xampp\htdocs\pait\public\index.php(37): CodeIgniter\CodeIgniter->run()
#5 C:\xampp\htdocs\pait\system\Commands\Server\rewrite.php(43): require_once('C:\\xampp\\htdocs...')
#6 {main}
CRITICAL - 2022-04-21 21:32:08 --> Division by zero
#0 C:\xampp\htdocs\pait\system\CodeIgniter.php(832): App\Controllers\Exercise->dashboard()
#1 C:\xampp\htdocs\pait\system\CodeIgniter.php(419): CodeIgniter\CodeIgniter->runController(Object(App\Controllers\Exercise))
#2 C:\xampp\htdocs\pait\system\CodeIgniter.php(326): CodeIgniter\CodeIgniter->handleRequest(NULL, Object(Config\Cache), false)
#3 C:\xampp\htdocs\pait\public\index.php(37): CodeIgniter\CodeIgniter->run()
#4 C:\xampp\htdocs\pait\system\Commands\Server\rewrite.php(43): require_once('C:\\xampp\\htdocs...')
#5 {main}
CRITICAL - 2022-04-21 21:35:09 --> Division by zero
#0 C:\xampp\htdocs\pait\system\CodeIgniter.php(832): App\Controllers\Exercise->dashboard()
#1 C:\xampp\htdocs\pait\system\CodeIgniter.php(419): CodeIgniter\CodeIgniter->runController(Object(App\Controllers\Exercise))
#2 C:\xampp\htdocs\pait\system\CodeIgniter.php(326): CodeIgniter\CodeIgniter->handleRequest(NULL, Object(Config\Cache), false)
#3 C:\xampp\htdocs\pait\public\index.php(37): CodeIgniter\CodeIgniter->run()
#4 C:\xampp\htdocs\pait\system\Commands\Server\rewrite.php(43): require_once('C:\\xampp\\htdocs...')
#5 {main}
CRITICAL - 2022-04-21 21:53:04 --> substr(): Passing null to parameter #1 ($string) of type string is deprecated
#0 [internal function]: CodeIgniter\Debug\Exceptions->errorHandler(8192, 'substr(): Passi...', 'C:\\xampp\\htdocs...', 19)
#1 C:\xampp\htdocs\pait\app\Views\exercise\dashboard.php(19): substr(NULL, 0, 10)
#2 C:\xampp\htdocs\pait\system\View\View.php(210): include('C:\\xampp\\htdocs...')
#3 C:\xampp\htdocs\pait\system\View\View.php(213): CodeIgniter\View\View->CodeIgniter\View\{closure}()
#4 C:\xampp\htdocs\pait\system\Common.php(1089): CodeIgniter\View\View->render('exercise/dashbo...', Array, true)
#5 C:\xampp\htdocs\pait\app\Controllers\Exercise.php(146): view('exercise/dashbo...', Array)
#6 C:\xampp\htdocs\pait\system\CodeIgniter.php(832): App\Controllers\Exercise->dashboard()
#7 C:\xampp\htdocs\pait\system\CodeIgniter.php(419): CodeIgniter\CodeIgniter->runController(Object(App\Controllers\Exercise))
#8 C:\xampp\htdocs\pait\system\CodeIgniter.php(326): CodeIgniter\CodeIgniter->handleRequest(NULL, Object(Config\Cache), false)
#9 C:\xampp\htdocs\pait\public\index.php(37): CodeIgniter\CodeIgniter->run()
#10 C:\xampp\htdocs\pait\system\Commands\Server\rewrite.php(43): require_once('C:\\xampp\\htdocs...')
#11 {main}
CRITICAL - 2022-04-21 21:56:01 --> substr(): Passing null to parameter #1 ($string) of type string is deprecated
#0 [internal function]: CodeIgniter\Debug\Exceptions->errorHandler(8192, 'substr(): Passi...', 'C:\\xampp\\htdocs...', 19)
#1 C:\xampp\htdocs\pait\app\Views\exercise\dashboard.php(19): substr(NULL, 0, 10)
#2 C:\xampp\htdocs\pait\system\View\View.php(210): include('C:\\xampp\\htdocs...')
#3 C:\xampp\htdocs\pait\system\View\View.php(213): CodeIgniter\View\View->CodeIgniter\View\{closure}()
#4 C:\xampp\htdocs\pait\system\Common.php(1089): CodeIgniter\View\View->render('exercise/dashbo...', Array, true)
#5 C:\xampp\htdocs\pait\app\Controllers\Exercise.php(146): view('exercise/dashbo...', Array)
#6 C:\xampp\htdocs\pait\system\CodeIgniter.php(832): App\Controllers\Exercise->dashboard()
#7 C:\xampp\htdocs\pait\system\CodeIgniter.php(419): CodeIgniter\CodeIgniter->runController(Object(App\Controllers\Exercise))
#8 C:\xampp\htdocs\pait\system\CodeIgniter.php(326): CodeIgniter\CodeIgniter->handleRequest(NULL, Object(Config\Cache), false)
#9 C:\xampp\htdocs\pait\public\index.php(37): CodeIgniter\CodeIgniter->run()
#10 C:\xampp\htdocs\pait\system\Commands\Server\rewrite.php(43): require_once('C:\\xampp\\htdocs...')
#11 {main}
CRITICAL - 2022-04-21 22:44:52 --> Undefined variable $labelChart
#0 C:\xampp\htdocs\pait\app\Views\template\dashboard-exercise.php(138): CodeIgniter\Debug\Exceptions->errorHandler(2, 'Undefined varia...', 'C:\\xampp\\htdocs...', 138)
#1 C:\xampp\htdocs\pait\system\View\View.php(210): include('C:\\xampp\\htdocs...')
#2 C:\xampp\htdocs\pait\system\View\View.php(213): CodeIgniter\View\View->CodeIgniter\View\{closure}()
#3 C:\xampp\htdocs\pait\system\View\View.php(226): CodeIgniter\View\View->render('template/dashbo...', Array, true)
#4 C:\xampp\htdocs\pait\system\Common.php(1089): CodeIgniter\View\View->render('exercise/dashbo...', Array, true)
#5 C:\xampp\htdocs\pait\app\Controllers\Exercise.php(159): view('exercise/dashbo...', Array)
#6 C:\xampp\htdocs\pait\system\CodeIgniter.php(832): App\Controllers\Exercise->dashboard()
#7 C:\xampp\htdocs\pait\system\CodeIgniter.php(419): CodeIgniter\CodeIgniter->runController(Object(App\Controllers\Exercise))
#8 C:\xampp\htdocs\pait\system\CodeIgniter.php(326): CodeIgniter\CodeIgniter->handleRequest(NULL, Object(Config\Cache), false)
#9 C:\xampp\htdocs\pait\public\index.php(37): CodeIgniter\CodeIgniter->run()
#10 C:\xampp\htdocs\pait\system\Commands\Server\rewrite.php(43): require_once('C:\\xampp\\htdocs...')
#11 {main}
CRITICAL - 2022-04-21 23:04:47 --> Call to undefined method App\Models\LatihanMDL::findAllID
#0 C:\xampp\htdocs\pait\app\Controllers\Exercise.php(145): CodeIgniter\Model->__call('findAllID', Array)
#1 C:\xampp\htdocs\pait\system\CodeIgniter.php(832): App\Controllers\Exercise->dashboard()
#2 C:\xampp\htdocs\pait\system\CodeIgniter.php(419): CodeIgniter\CodeIgniter->runController(Object(App\Controllers\Exercise))
#3 C:\xampp\htdocs\pait\system\CodeIgniter.php(326): CodeIgniter\CodeIgniter->handleRequest(NULL, Object(Config\Cache), false)
#4 C:\xampp\htdocs\pait\public\index.php(37): CodeIgniter\CodeIgniter->run()
#5 C:\xampp\htdocs\pait\system\Commands\Server\rewrite.php(43): require_once('C:\\xampp\\htdocs...')
#6 {main}
