CRITICAL - 2022-05-30 07:50:40 --> substr(): Passing null to parameter #1 ($string) of type string is deprecated
#0 [internal function]: CodeIgniter\Debug\Exceptions->errorHandler(8192, 'substr(): Passi...', 'C:\\xampp\\htdocs...', 22)
#1 C:\xampp\htdocs\pait\app\Views\exercise\dashboard.php(22): substr(NULL, 0, 10)
#2 C:\xampp\htdocs\pait\system\View\View.php(210): include('C:\\xampp\\htdocs...')
#3 C:\xampp\htdocs\pait\system\View\View.php(213): CodeIgniter\View\View->CodeIgniter\View\{closure}()
#4 C:\xampp\htdocs\pait\system\Common.php(1089): CodeIgniter\View\View->render('exercise/dashbo...', Array, true)
#5 C:\xampp\htdocs\pait\app\Controllers\Exercise.php(173): view('exercise/dashbo...', Array)
#6 C:\xampp\htdocs\pait\system\CodeIgniter.php(832): App\Controllers\Exercise->dashboard()
#7 C:\xampp\htdocs\pait\system\CodeIgniter.php(419): CodeIgniter\CodeIgniter->runController(Object(App\Controllers\Exercise))
#8 C:\xampp\htdocs\pait\system\CodeIgniter.php(326): CodeIgniter\CodeIgniter->handleRequest(NULL, Object(Config\Cache), false)
#9 C:\xampp\htdocs\pait\public\index.php(37): CodeIgniter\CodeIgniter->run()
#10 C:\xampp\htdocs\pait\system\Commands\Server\rewrite.php(43): require_once('C:\\xampp\\htdocs...')
#11 {main}
CRITICAL - 2022-05-30 07:53:04 --> substr(): Passing null to parameter #1 ($string) of type string is deprecated
#0 [internal function]: CodeIgniter\Debug\Exceptions->errorHandler(8192, 'substr(): Passi...', 'C:\\xampp\\htdocs...', 22)
#1 C:\xampp\htdocs\pait\app\Views\exercise\dashboard.php(22): substr(NULL, 0, 10)
#2 C:\xampp\htdocs\pait\system\View\View.php(210): include('C:\\xampp\\htdocs...')
#3 C:\xampp\htdocs\pait\system\View\View.php(213): CodeIgniter\View\View->CodeIgniter\View\{closure}()
#4 C:\xampp\htdocs\pait\system\Common.php(1089): CodeIgniter\View\View->render('exercise/dashbo...', Array, true)
#5 C:\xampp\htdocs\pait\app\Controllers\Exercise.php(173): view('exercise/dashbo...', Array)
#6 C:\xampp\htdocs\pait\system\CodeIgniter.php(832): App\Controllers\Exercise->dashboard()
#7 C:\xampp\htdocs\pait\system\CodeIgniter.php(419): CodeIgniter\CodeIgniter->runController(Object(App\Controllers\Exercise))
#8 C:\xampp\htdocs\pait\system\CodeIgniter.php(326): CodeIgniter\CodeIgniter->handleRequest(NULL, Object(Config\Cache), false)
#9 C:\xampp\htdocs\pait\public\index.php(37): CodeIgniter\CodeIgniter->run()
#10 C:\xampp\htdocs\pait\system\Commands\Server\rewrite.php(43): require_once('C:\\xampp\\htdocs...')
#11 {main}
CRITICAL - 2022-05-30 07:54:44 --> substr(): Passing null to parameter #1 ($string) of type string is deprecated
#0 [internal function]: CodeIgniter\Debug\Exceptions->errorHandler(8192, 'substr(): Passi...', 'C:\\xampp\\htdocs...', 22)
#1 C:\xampp\htdocs\pait\app\Views\exercise\dashboard.php(22): substr(NULL, 0, 10)
#2 C:\xampp\htdocs\pait\system\View\View.php(210): include('C:\\xampp\\htdocs...')
#3 C:\xampp\htdocs\pait\system\View\View.php(213): CodeIgniter\View\View->CodeIgniter\View\{closure}()
#4 C:\xampp\htdocs\pait\system\Common.php(1089): CodeIgniter\View\View->render('exercise/dashbo...', Array, true)
#5 C:\xampp\htdocs\pait\app\Controllers\Exercise.php(173): view('exercise/dashbo...', Array)
#6 C:\xampp\htdocs\pait\system\CodeIgniter.php(832): App\Controllers\Exercise->dashboard()
#7 C:\xampp\htdocs\pait\system\CodeIgniter.php(419): CodeIgniter\CodeIgniter->runController(Object(App\Controllers\Exercise))
#8 C:\xampp\htdocs\pait\system\CodeIgniter.php(326): CodeIgniter\CodeIgniter->handleRequest(NULL, Object(Config\Cache), false)
#9 C:\xampp\htdocs\pait\public\index.php(37): CodeIgniter\CodeIgniter->run()
#10 C:\xampp\htdocs\pait\system\Commands\Server\rewrite.php(43): require_once('C:\\xampp\\htdocs...')
#11 {main}
