CRITICAL - 2022-04-22 04:08:03 --> Non-static method CodeIgniter\I18n\Time::toDateTime() cannot be called statically
#0 C:\xampp\htdocs\pait\system\CodeIgniter.php(832): App\Controllers\Exercise->soal()
#1 C:\xampp\htdocs\pait\system\CodeIgniter.php(419): CodeIgniter\CodeIgniter->runController(Object(App\Controllers\Exercise))
#2 C:\xampp\htdocs\pait\system\CodeIgniter.php(326): CodeIgniter\CodeIgniter->handleRequest(NULL, Object(Config\Cache), false)
#3 C:\xampp\htdocs\pait\public\index.php(37): CodeIgniter\CodeIgniter->run()
#4 C:\xampp\htdocs\pait\system\Commands\Server\rewrite.php(43): require_once('C:\\xampp\\htdocs...')
#5 {main}
CRITICAL - 2022-04-22 04:19:03 --> Call to undefined function App\Controllers\now()
#0 C:\xampp\htdocs\pait\system\CodeIgniter.php(832): App\Controllers\Exercise->soal()
#1 C:\xampp\htdocs\pait\system\CodeIgniter.php(419): CodeIgniter\CodeIgniter->runController(Object(App\Controllers\Exercise))
#2 C:\xampp\htdocs\pait\system\CodeIgniter.php(326): CodeIgniter\CodeIgniter->handleRequest(NULL, Object(Config\Cache), false)
#3 C:\xampp\htdocs\pait\public\index.php(37): CodeIgniter\CodeIgniter->run()
#4 C:\xampp\htdocs\pait\system\Commands\Server\rewrite.php(43): require_once('C:\\xampp\\htdocs...')
#5 {main}
CRITICAL - 2022-04-22 04:33:44 --> Undefined variable $persenScore
#0 C:\xampp\htdocs\pait\app\Controllers\Exercise.php(179): CodeIgniter\Debug\Exceptions->errorHandler(2, 'Undefined varia...', 'C:\\xampp\\htdocs...', 179)
#1 C:\xampp\htdocs\pait\system\CodeIgniter.php(832): App\Controllers\Exercise->dashboard()
#2 C:\xampp\htdocs\pait\system\CodeIgniter.php(419): CodeIgniter\CodeIgniter->runController(Object(App\Controllers\Exercise))
#3 C:\xampp\htdocs\pait\system\CodeIgniter.php(326): CodeIgniter\CodeIgniter->handleRequest(NULL, Object(Config\Cache), false)
#4 C:\xampp\htdocs\pait\public\index.php(37): CodeIgniter\CodeIgniter->run()
#5 C:\xampp\htdocs\pait\system\Commands\Server\rewrite.php(43): require_once('C:\\xampp\\htdocs...')
#6 {main}
