CRITICAL - 2022-04-05 09:18:28 --> Invalid file: admin/administrator.php
#0 C:\xampp\htdocs\pait\system\View\View.php(198): CodeIgniter\Exceptions\FrameworkException::forInvalidFile('admin/administr...')
#1 C:\xampp\htdocs\pait\system\Common.php(1089): CodeIgniter\View\View->render('admin/administr...', Array, true)
#2 C:\xampp\htdocs\pait\app\Controllers\Admin.php(31): view('admin/administr...', Array)
#3 C:\xampp\htdocs\pait\system\CodeIgniter.php(832): App\Controllers\Admin->memberAdmin()
#4 C:\xampp\htdocs\pait\system\CodeIgniter.php(419): CodeIgniter\CodeIgniter->runController(Object(App\Controllers\Admin))
#5 C:\xampp\htdocs\pait\system\CodeIgniter.php(326): CodeIgniter\CodeIgniter->handleRequest(NULL, Object(Config\Cache), false)
#6 C:\xampp\htdocs\pait\public\index.php(37): CodeIgniter\CodeIgniter->run()
#7 C:\xampp\htdocs\pait\system\Commands\Server\rewrite.php(43): require_once('C:\\xampp\\htdocs...')
#8 {main}
CRITICAL - 2022-04-05 09:19:25 --> Undefined variable $chartValueData
#0 C:\xampp\htdocs\pait\app\Views\template\dashboard-admin.php(23): CodeIgniter\Debug\Exceptions->errorHandler(2, 'Undefined varia...', 'C:\\xampp\\htdocs...', 23)
#1 C:\xampp\htdocs\pait\system\View\View.php(210): include('C:\\xampp\\htdocs...')
#2 C:\xampp\htdocs\pait\system\View\View.php(213): CodeIgniter\View\View->CodeIgniter\View\{closure}()
#3 C:\xampp\htdocs\pait\system\View\View.php(226): CodeIgniter\View\View->render('template/dashbo...', Array, true)
#4 C:\xampp\htdocs\pait\system\Common.php(1089): CodeIgniter\View\View->render('admin/administr...', Array, true)
#5 C:\xampp\htdocs\pait\app\Controllers\Admin.php(31): view('admin/administr...', Array)
#6 C:\xampp\htdocs\pait\system\CodeIgniter.php(832): App\Controllers\Admin->memberAdmin()
#7 C:\xampp\htdocs\pait\system\CodeIgniter.php(419): CodeIgniter\CodeIgniter->runController(Object(App\Controllers\Admin))
#8 C:\xampp\htdocs\pait\system\CodeIgniter.php(326): CodeIgniter\CodeIgniter->handleRequest(NULL, Object(Config\Cache), false)
#9 C:\xampp\htdocs\pait\public\index.php(37): CodeIgniter\CodeIgniter->run()
#10 C:\xampp\htdocs\pait\system\Commands\Server\rewrite.php(43): require_once('C:\\xampp\\htdocs...')
#11 {main}
CRITICAL - 2022-04-05 09:23:10 --> Undefined variable $chartValueData
#0 C:\xampp\htdocs\pait\app\Views\template\member-admin.php(23): CodeIgniter\Debug\Exceptions->errorHandler(2, 'Undefined varia...', 'C:\\xampp\\htdocs...', 23)
#1 C:\xampp\htdocs\pait\system\View\View.php(210): include('C:\\xampp\\htdocs...')
#2 C:\xampp\htdocs\pait\system\View\View.php(213): CodeIgniter\View\View->CodeIgniter\View\{closure}()
#3 C:\xampp\htdocs\pait\system\View\View.php(226): CodeIgniter\View\View->render('template/member...', Array, true)
#4 C:\xampp\htdocs\pait\system\Common.php(1089): CodeIgniter\View\View->render('admin/administr...', Array, true)
#5 C:\xampp\htdocs\pait\app\Controllers\Admin.php(31): view('admin/administr...', Array)
#6 C:\xampp\htdocs\pait\system\CodeIgniter.php(832): App\Controllers\Admin->memberAdmin()
#7 C:\xampp\htdocs\pait\system\CodeIgniter.php(419): CodeIgniter\CodeIgniter->runController(Object(App\Controllers\Admin))
#8 C:\xampp\htdocs\pait\system\CodeIgniter.php(326): CodeIgniter\CodeIgniter->handleRequest(NULL, Object(Config\Cache), false)
#9 C:\xampp\htdocs\pait\public\index.php(37): CodeIgniter\CodeIgniter->run()
#10 C:\xampp\htdocs\pait\system\Commands\Server\rewrite.php(43): require_once('C:\\xampp\\htdocs...')
#11 {main}
CRITICAL - 2022-04-05 09:24:06 --> Undefined variable $chartValueData
#0 C:\xampp\htdocs\pait\app\Views\template\member-admin.php(23): CodeIgniter\Debug\Exceptions->errorHandler(2, 'Undefined varia...', 'C:\\xampp\\htdocs...', 23)
#1 C:\xampp\htdocs\pait\system\View\View.php(210): include('C:\\xampp\\htdocs...')
#2 C:\xampp\htdocs\pait\system\View\View.php(213): CodeIgniter\View\View->CodeIgniter\View\{closure}()
#3 C:\xampp\htdocs\pait\system\View\View.php(226): CodeIgniter\View\View->render('template/member...', Array, true)
#4 C:\xampp\htdocs\pait\system\Common.php(1089): CodeIgniter\View\View->render('admin/administr...', Array, true)
#5 C:\xampp\htdocs\pait\app\Controllers\Admin.php(31): view('admin/administr...', Array)
#6 C:\xampp\htdocs\pait\system\CodeIgniter.php(832): App\Controllers\Admin->memberAdmin()
#7 C:\xampp\htdocs\pait\system\CodeIgniter.php(419): CodeIgniter\CodeIgniter->runController(Object(App\Controllers\Admin))
#8 C:\xampp\htdocs\pait\system\CodeIgniter.php(326): CodeIgniter\CodeIgniter->handleRequest(NULL, Object(Config\Cache), false)
#9 C:\xampp\htdocs\pait\public\index.php(37): CodeIgniter\CodeIgniter->run()
#10 C:\xampp\htdocs\pait\system\Commands\Server\rewrite.php(43): require_once('C:\\xampp\\htdocs...')
#11 {main}
CRITICAL - 2022-04-05 09:51:11 --> Undefined variable $usr
#0 C:\xampp\htdocs\pait\app\Views\admin\administrator.php(35): CodeIgniter\Debug\Exceptions->errorHandler(2, 'Undefined varia...', 'C:\\xampp\\htdocs...', 35)
#1 C:\xampp\htdocs\pait\system\View\View.php(210): include('C:\\xampp\\htdocs...')
#2 C:\xampp\htdocs\pait\system\View\View.php(213): CodeIgniter\View\View->CodeIgniter\View\{closure}()
#3 C:\xampp\htdocs\pait\system\Common.php(1089): CodeIgniter\View\View->render('admin/administr...', Array, true)
#4 C:\xampp\htdocs\pait\app\Controllers\Admin.php(31): view('admin/administr...', Array)
#5 C:\xampp\htdocs\pait\system\CodeIgniter.php(832): App\Controllers\Admin->memberAdmin()
#6 C:\xampp\htdocs\pait\system\CodeIgniter.php(419): CodeIgniter\CodeIgniter->runController(Object(App\Controllers\Admin))
#7 C:\xampp\htdocs\pait\system\CodeIgniter.php(326): CodeIgniter\CodeIgniter->handleRequest(NULL, Object(Config\Cache), false)
#8 C:\xampp\htdocs\pait\public\index.php(37): CodeIgniter\CodeIgniter->run()
#9 C:\xampp\htdocs\pait\system\Commands\Server\rewrite.php(43): require_once('C:\\xampp\\htdocs...')
#10 {main}
CRITICAL - 2022-04-05 10:01:59 --> Call to a member function getAll() on null
#0 C:\xampp\htdocs\pait\system\CodeIgniter.php(832): App\Controllers\Admin->memberAdmin()
#1 C:\xampp\htdocs\pait\system\CodeIgniter.php(419): CodeIgniter\CodeIgniter->runController(Object(App\Controllers\Admin))
#2 C:\xampp\htdocs\pait\system\CodeIgniter.php(326): CodeIgniter\CodeIgniter->handleRequest(NULL, Object(Config\Cache), false)
#3 C:\xampp\htdocs\pait\public\index.php(37): CodeIgniter\CodeIgniter->run()
#4 C:\xampp\htdocs\pait\system\Commands\Server\rewrite.php(43): require_once('C:\\xampp\\htdocs...')
#5 {main}
CRITICAL - 2022-04-05 10:06:00 --> Call to a member function getAll() on null
#0 C:\xampp\htdocs\pait\system\CodeIgniter.php(832): App\Controllers\Admin->memberAdmin()
#1 C:\xampp\htdocs\pait\system\CodeIgniter.php(419): CodeIgniter\CodeIgniter->runController(Object(App\Controllers\Admin))
#2 C:\xampp\htdocs\pait\system\CodeIgniter.php(326): CodeIgniter\CodeIgniter->handleRequest(NULL, Object(Config\Cache), false)
#3 C:\xampp\htdocs\pait\public\index.php(37): CodeIgniter\CodeIgniter->run()
#4 C:\xampp\htdocs\pait\system\Commands\Server\rewrite.php(43): require_once('C:\\xampp\\htdocs...')
#5 {main}
CRITICAL - 2022-04-05 10:06:03 --> Call to a member function getAll() on null
#0 C:\xampp\htdocs\pait\system\CodeIgniter.php(832): App\Controllers\Admin->memberAdmin()
#1 C:\xampp\htdocs\pait\system\CodeIgniter.php(419): CodeIgniter\CodeIgniter->runController(Object(App\Controllers\Admin))
#2 C:\xampp\htdocs\pait\system\CodeIgniter.php(326): CodeIgniter\CodeIgniter->handleRequest(NULL, Object(Config\Cache), false)
#3 C:\xampp\htdocs\pait\public\index.php(37): CodeIgniter\CodeIgniter->run()
#4 C:\xampp\htdocs\pait\system\Commands\Server\rewrite.php(43): require_once('C:\\xampp\\htdocs...')
#5 {main}
CRITICAL - 2022-04-05 10:07:29 --> Call to a member function getAll() on null
#0 C:\xampp\htdocs\pait\system\CodeIgniter.php(832): App\Controllers\Admin->memberAdmin()
#1 C:\xampp\htdocs\pait\system\CodeIgniter.php(419): CodeIgniter\CodeIgniter->runController(Object(App\Controllers\Admin))
#2 C:\xampp\htdocs\pait\system\CodeIgniter.php(326): CodeIgniter\CodeIgniter->handleRequest(NULL, Object(Config\Cache), false)
#3 C:\xampp\htdocs\pait\public\index.php(37): CodeIgniter\CodeIgniter->run()
#4 C:\xampp\htdocs\pait\system\Commands\Server\rewrite.php(43): require_once('C:\\xampp\\htdocs...')
#5 {main}
CRITICAL - 2022-04-05 10:10:01 --> Call to a member function getAll() on null
#0 C:\xampp\htdocs\pait\system\CodeIgniter.php(832): App\Controllers\Admin->memberAdmin()
#1 C:\xampp\htdocs\pait\system\CodeIgniter.php(419): CodeIgniter\CodeIgniter->runController(Object(App\Controllers\Admin))
#2 C:\xampp\htdocs\pait\system\CodeIgniter.php(326): CodeIgniter\CodeIgniter->handleRequest(NULL, Object(Config\Cache), false)
#3 C:\xampp\htdocs\pait\public\index.php(37): CodeIgniter\CodeIgniter->run()
#4 C:\xampp\htdocs\pait\system\Commands\Server\rewrite.php(43): require_once('C:\\xampp\\htdocs...')
#5 {main}
CRITICAL - 2022-04-05 10:10:04 --> Call to a member function getAll() on null
#0 C:\xampp\htdocs\pait\system\CodeIgniter.php(832): App\Controllers\Admin->memberAdmin()
#1 C:\xampp\htdocs\pait\system\CodeIgniter.php(419): CodeIgniter\CodeIgniter->runController(Object(App\Controllers\Admin))
#2 C:\xampp\htdocs\pait\system\CodeIgniter.php(326): CodeIgniter\CodeIgniter->handleRequest(NULL, Object(Config\Cache), false)
#3 C:\xampp\htdocs\pait\public\index.php(37): CodeIgniter\CodeIgniter->run()
#4 C:\xampp\htdocs\pait\system\Commands\Server\rewrite.php(43): require_once('C:\\xampp\\htdocs...')
#5 {main}
CRITICAL - 2022-04-05 10:10:22 --> Call to a member function getAll() on null
#0 C:\xampp\htdocs\pait\system\CodeIgniter.php(832): App\Controllers\Admin->memberAdmin()
#1 C:\xampp\htdocs\pait\system\CodeIgniter.php(419): CodeIgniter\CodeIgniter->runController(Object(App\Controllers\Admin))
#2 C:\xampp\htdocs\pait\system\CodeIgniter.php(326): CodeIgniter\CodeIgniter->handleRequest(NULL, Object(Config\Cache), false)
#3 C:\xampp\htdocs\pait\public\index.php(37): CodeIgniter\CodeIgniter->run()
#4 C:\xampp\htdocs\pait\system\Commands\Server\rewrite.php(43): require_once('C:\\xampp\\htdocs...')
#5 {main}
CRITICAL - 2022-04-05 10:11:21 --> Unclosed '{' on line 8
#0 C:\xampp\htdocs\pait\system\Autoloader\Autoloader.php(241): CodeIgniter\Autoloader\Autoloader->includeFile('C:\\xampp\\htdocs...')
#1 C:\xampp\htdocs\pait\system\Autoloader\Autoloader.php(219): CodeIgniter\Autoloader\Autoloader->loadInNamespace('App\\Models\\User...')
#2 C:\xampp\htdocs\pait\app\Controllers\Admin.php(14): CodeIgniter\Autoloader\Autoloader->loadClass('App\\Models\\User...')
#3 C:\xampp\htdocs\pait\system\CodeIgniter.php(809): App\Controllers\Admin->__construct()
#4 C:\xampp\htdocs\pait\system\CodeIgniter.php(410): CodeIgniter\CodeIgniter->createController()
#5 C:\xampp\htdocs\pait\system\CodeIgniter.php(326): CodeIgniter\CodeIgniter->handleRequest(NULL, Object(Config\Cache), false)
#6 C:\xampp\htdocs\pait\public\index.php(37): CodeIgniter\CodeIgniter->run()
#7 C:\xampp\htdocs\pait\system\Commands\Server\rewrite.php(43): require_once('C:\\xampp\\htdocs...')
#8 {main}
CRITICAL - 2022-04-05 10:11:45 --> Call to a member function getAll() on null
#0 C:\xampp\htdocs\pait\system\CodeIgniter.php(832): App\Controllers\Admin->memberAdmin()
#1 C:\xampp\htdocs\pait\system\CodeIgniter.php(419): CodeIgniter\CodeIgniter->runController(Object(App\Controllers\Admin))
#2 C:\xampp\htdocs\pait\system\CodeIgniter.php(326): CodeIgniter\CodeIgniter->handleRequest(NULL, Object(Config\Cache), false)
#3 C:\xampp\htdocs\pait\public\index.php(37): CodeIgniter\CodeIgniter->run()
#4 C:\xampp\htdocs\pait\system\Commands\Server\rewrite.php(43): require_once('C:\\xampp\\htdocs...')
#5 {main}
CRITICAL - 2022-04-05 10:14:01 --> Call to a member function getAll() on null
#0 C:\xampp\htdocs\pait\system\CodeIgniter.php(832): App\Controllers\Admin->memberAdmin()
#1 C:\xampp\htdocs\pait\system\CodeIgniter.php(419): CodeIgniter\CodeIgniter->runController(Object(App\Controllers\Admin))
#2 C:\xampp\htdocs\pait\system\CodeIgniter.php(326): CodeIgniter\CodeIgniter->handleRequest(NULL, Object(Config\Cache), false)
#3 C:\xampp\htdocs\pait\public\index.php(37): CodeIgniter\CodeIgniter->run()
#4 C:\xampp\htdocs\pait\system\Commands\Server\rewrite.php(43): require_once('C:\\xampp\\htdocs...')
#5 {main}
CRITICAL - 2022-04-05 10:14:05 --> Call to a member function getAll() on null
#0 C:\xampp\htdocs\pait\system\CodeIgniter.php(832): App\Controllers\Admin->memberAdmin()
#1 C:\xampp\htdocs\pait\system\CodeIgniter.php(419): CodeIgniter\CodeIgniter->runController(Object(App\Controllers\Admin))
#2 C:\xampp\htdocs\pait\system\CodeIgniter.php(326): CodeIgniter\CodeIgniter->handleRequest(NULL, Object(Config\Cache), false)
#3 C:\xampp\htdocs\pait\public\index.php(37): CodeIgniter\CodeIgniter->run()
#4 C:\xampp\htdocs\pait\system\Commands\Server\rewrite.php(43): require_once('C:\\xampp\\htdocs...')
#5 {main}
CRITICAL - 2022-04-05 10:14:48 --> Call to a member function getAll() on null
#0 C:\xampp\htdocs\pait\system\CodeIgniter.php(832): App\Controllers\Admin->memberAdmin()
#1 C:\xampp\htdocs\pait\system\CodeIgniter.php(419): CodeIgniter\CodeIgniter->runController(Object(App\Controllers\Admin))
#2 C:\xampp\htdocs\pait\system\CodeIgniter.php(326): CodeIgniter\CodeIgniter->handleRequest(NULL, Object(Config\Cache), false)
#3 C:\xampp\htdocs\pait\public\index.php(37): CodeIgniter\CodeIgniter->run()
#4 C:\xampp\htdocs\pait\system\Commands\Server\rewrite.php(43): require_once('C:\\xampp\\htdocs...')
#5 {main}
CRITICAL - 2022-04-05 10:16:24 --> Undefined variable $currentPage
#0 C:\xampp\htdocs\pait\app\Views\admin\administrator.php(31): CodeIgniter\Debug\Exceptions->errorHandler(2, 'Undefined varia...', 'C:\\xampp\\htdocs...', 31)
#1 C:\xampp\htdocs\pait\system\View\View.php(210): include('C:\\xampp\\htdocs...')
#2 C:\xampp\htdocs\pait\system\View\View.php(213): CodeIgniter\View\View->CodeIgniter\View\{closure}()
#3 C:\xampp\htdocs\pait\system\Common.php(1089): CodeIgniter\View\View->render('admin/administr...', Array, true)
#4 C:\xampp\htdocs\pait\app\Controllers\Admin.php(34): view('admin/administr...', Array)
#5 C:\xampp\htdocs\pait\system\CodeIgniter.php(832): App\Controllers\Admin->memberAdmin()
#6 C:\xampp\htdocs\pait\system\CodeIgniter.php(419): CodeIgniter\CodeIgniter->runController(Object(App\Controllers\Admin))
#7 C:\xampp\htdocs\pait\system\CodeIgniter.php(326): CodeIgniter\CodeIgniter->handleRequest(NULL, Object(Config\Cache), false)
#8 C:\xampp\htdocs\pait\public\index.php(37): CodeIgniter\CodeIgniter->run()
#9 C:\xampp\htdocs\pait\system\Commands\Server\rewrite.php(43): require_once('C:\\xampp\\htdocs...')
#10 {main}
CRITICAL - 2022-04-05 10:17:06 --> Undefined variable $index
#0 C:\xampp\htdocs\pait\app\Views\admin\administrator.php(35): CodeIgniter\Debug\Exceptions->errorHandler(2, 'Undefined varia...', 'C:\\xampp\\htdocs...', 35)
#1 C:\xampp\htdocs\pait\system\View\View.php(210): include('C:\\xampp\\htdocs...')
#2 C:\xampp\htdocs\pait\system\View\View.php(213): CodeIgniter\View\View->CodeIgniter\View\{closure}()
#3 C:\xampp\htdocs\pait\system\Common.php(1089): CodeIgniter\View\View->render('admin/administr...', Array, true)
#4 C:\xampp\htdocs\pait\app\Controllers\Admin.php(34): view('admin/administr...', Array)
#5 C:\xampp\htdocs\pait\system\CodeIgniter.php(832): App\Controllers\Admin->memberAdmin()
#6 C:\xampp\htdocs\pait\system\CodeIgniter.php(419): CodeIgniter\CodeIgniter->runController(Object(App\Controllers\Admin))
#7 C:\xampp\htdocs\pait\system\CodeIgniter.php(326): CodeIgniter\CodeIgniter->handleRequest(NULL, Object(Config\Cache), false)
#8 C:\xampp\htdocs\pait\public\index.php(37): CodeIgniter\CodeIgniter->run()
#9 C:\xampp\htdocs\pait\system\Commands\Server\rewrite.php(43): require_once('C:\\xampp\\htdocs...')
#10 {main}
CRITICAL - 2022-04-05 10:17:44 --> Undefined variable $index
#0 C:\xampp\htdocs\pait\app\Views\admin\administrator.php(35): CodeIgniter\Debug\Exceptions->errorHandler(2, 'Undefined varia...', 'C:\\xampp\\htdocs...', 35)
#1 C:\xampp\htdocs\pait\system\View\View.php(210): include('C:\\xampp\\htdocs...')
#2 C:\xampp\htdocs\pait\system\View\View.php(213): CodeIgniter\View\View->CodeIgniter\View\{closure}()
#3 C:\xampp\htdocs\pait\system\Common.php(1089): CodeIgniter\View\View->render('admin/administr...', Array, true)
#4 C:\xampp\htdocs\pait\app\Controllers\Admin.php(34): view('admin/administr...', Array)
#5 C:\xampp\htdocs\pait\system\CodeIgniter.php(832): App\Controllers\Admin->memberAdmin()
#6 C:\xampp\htdocs\pait\system\CodeIgniter.php(419): CodeIgniter\CodeIgniter->runController(Object(App\Controllers\Admin))
#7 C:\xampp\htdocs\pait\system\CodeIgniter.php(326): CodeIgniter\CodeIgniter->handleRequest(NULL, Object(Config\Cache), false)
#8 C:\xampp\htdocs\pait\public\index.php(37): CodeIgniter\CodeIgniter->run()
#9 C:\xampp\htdocs\pait\system\Commands\Server\rewrite.php(43): require_once('C:\\xampp\\htdocs...')
#10 {main}
